<?xml version="1.0" encoding="utf-8"?>
<TestRun id="036f96c8-d4b8-4e20-b658-f4024e48009c" name="Hamzah@YAZGI 2026-06-04 21:06:50" runUser="YAZGI\Hamzah" xmlns="http://microsoft.com/schemas/VisualStudio/TeamTest/2010">
  <Times creation="2026-06-04T21:06:50.1823930+03:00" queuing="2026-06-04T21:06:50.1823939+03:00" start="2026-06-04T21:06:47.4278215+03:00" finish="2026-06-04T21:06:58.6761759+03:00" />
  <TestSettings name="default" id="58e20419-9fdd-45ee-a17b-ba96a4aa674f">
    <Deployment runDeploymentRoot="Hamzah_YAZGI_2026-06-04_21_06_50" />
  </TestSettings>
  <Results>
    <UnitTestResult executionId="a7b4d61f-900c-4620-bbef-0655ce21a3b5" testId="62610659-34f9-5470-5c99-674336351a35" testName="SuperSee.Tests.ExtraTests.RefuseAssignment_AlreadyAccepted_ThrowsException" computerName="YAZGI" duration="00:00:00.0026694" startTime="2026-06-04T21:06:54.7064206+03:00" endTime="2026-06-04T21:06:54.7078624+03:00" testType="13cdc9d9-ddb5-4fa4-a97d-d965ccfc6d4b" outcome="Passed" testListId="8c84fa94-04c1-424b-9868-57a2d4851a1d" relativeResultsDirectory="a7b4d61f-900c-4620-bbef-0655ce21a3b5" />
    <UnitTestResult executionId="4746366b-7c8f-4997-ba36-7fe79a79dd58" testId="26304a9d-0218-bd5f-6d64-d56d39062c99" testName="SuperSee.Tests.ExtraTests.Team_Supervisor_Relationship" computerName="YAZGI" duration="00:00:00.0003875" startTime="2026-06-04T21:06:54.7998685+03:00" endTime="2026-06-04T21:06:54.8000856+03:00" testType="13cdc9d9-ddb5-4fa4-a97d-d965ccfc6d4b" outcome="Passed" testListId="8c84fa94-04c1-424b-9868-57a2d4851a1d" relativeResultsDirectory="4746366b-7c8f-4997-ba36-7fe79a79dd58" />
    <UnitTestResult executionId="e71ecdf9-bfd4-45fc-9d0d-3099d7800fd4" testId="eec0f98e-9a64-2f0c-44a5-9733ec8d4745" testName="SuperSee.Tests.CoordinatorServiceTests.GetAllTeamsWithDetails_ReturnsAllTeams" computerName="YAZGI" duration="00:00:00.0029791" startTime="2026-06-04T21:06:54.8856046+03:00" endTime="2026-06-04T21:06:54.8879557+03:00" testType="13cdc9d9-ddb5-4fa4-a97d-d965ccfc6d4b" outcome="Passed" testListId="8c84fa94-04c1-424b-9868-57a2d4851a1d" relativeResultsDirectory="e71ecdf9-bfd4-45fc-9d0d-3099d7800fd4" />
    <UnitTestResult executionId="112ba057-1df3-4877-8801-66dcdadea972" testId="4f5de6ee-619c-a12d-3efa-8acc53dfef18" testName="SuperSee.Tests.ExtraTests.SwapMembers_DifferentSupervisor_Works" computerName="YAZGI" duration="00:00:00.0459237" startTime="2026-06-04T21:06:54.5596250+03:00" endTime="2026-06-04T21:06:54.6053951+03:00" testType="13cdc9d9-ddb5-4fa4-a97d-d965ccfc6d4b" outcome="Passed" testListId="8c84fa94-04c1-424b-9868-57a2d4851a1d" relativeResultsDirectory="112ba057-1df3-4877-8801-66dcdadea972" />
    <UnitTestResult executionId="48112a65-4e31-47d6-a1b1-c182a287aa4b" testId="fe3c0ada-457d-eab1-8203-ba1b4d8e3a71" testName="SuperSee.Tests.ExtraTests.UserContext_Role_Access" computerName="YAZGI" duration="00:00:00.0003436" startTime="2026-06-04T21:06:54.7097553+03:00" endTime="2026-06-04T21:06:54.7109479+03:00" testType="13cdc9d9-ddb5-4fa4-a97d-d965ccfc6d4b" outcome="Passed" testListId="8c84fa94-04c1-424b-9868-57a2d4851a1d" relativeResultsDirectory="48112a65-4e31-47d6-a1b1-c182a287aa4b" />
    <UnitTestResult executionId="10988169-72b9-4102-a394-2228b26969de" testId="6a157c3a-87b1-a23f-12ad-c27cc04395a5" testName="SuperSee.Tests.ExtraTests.Project_Team_Relationship" computerName="YAZGI" duration="00:00:00.0006909" startTime="2026-06-04T21:06:54.6081764+03:00" endTime="2026-06-04T21:06:54.6084428+03:00" testType="13cdc9d9-ddb5-4fa4-a97d-d965ccfc6d4b" outcome="Passed" testListId="8c84fa94-04c1-424b-9868-57a2d4851a1d" relativeResultsDirectory="10988169-72b9-4102-a394-2228b26969de" />
    <UnitTestResult executionId="f152a5e4-8081-44c6-9e53-b3c2377d50d9" testId="b35333c3-5cfd-b918-c212-6ba5234ea42b" testName="SuperSee.Tests.ExtraTests.Coordinator_Relationship_With_Supervisors" computerName="YAZGI" duration="00:00:00.0968295" startTime="2026-06-04T21:06:54.4797497+03:00" endTime="2026-06-04T21:06:54.5497820+03:00" testType="13cdc9d9-ddb5-4fa4-a97d-d965ccfc6d4b" outcome="Passed" testListId="8c84fa94-04c1-424b-9868-57a2d4851a1d" relativeResultsDirectory="f152a5e4-8081-44c6-9e53-b3c2377d50d9" />
    <UnitTestResult executionId="c86d8172-c00a-4def-a590-6cab0a6b8ba9" testId="35f43a9e-c483-bc51-f366-8a3b34c91bff" testName="SuperSee.Tests.SupervisorServiceTests.GetTeamsForSupervisor_SupervisorNotFound_ReturnsEmptyList" computerName="YAZGI" duration="00:00:00.0018143" startTime="2026-06-04T21:06:54.7505023+03:00" endTime="2026-06-04T21:06:54.7519438+03:00" testType="13cdc9d9-ddb5-4fa4-a97d-d965ccfc6d4b" outcome="Passed" testListId="8c84fa94-04c1-424b-9868-57a2d4851a1d" relativeResultsDirectory="c86d8172-c00a-4def-a590-6cab0a6b8ba9" />
    <UnitTestResult executionId="9a52a2e2-baee-4724-b162-74a0d439e778" testId="6005e41b-d26a-ce3d-148f-d12f5f19f442" testName="SuperSee.Tests.ExtraTests.Student_Capability_Properties" computerName="YAZGI" duration="00:00:00.0003647" startTime="2026-06-04T21:06:54.7917330+03:00" endTime="2026-06-04T21:06:54.7918706+03:00" testType="13cdc9d9-ddb5-4fa4-a97d-d965ccfc6d4b" outcome="Passed" testListId="8c84fa94-04c1-424b-9868-57a2d4851a1d" relativeResultsDirectory="9a52a2e2-baee-4724-b162-74a0d439e778" />
    <UnitTestResult executionId="e6e07168-c632-402d-9fb1-5e848332f300" testId="4104b166-788a-9b95-8f56-8677bfe95aaf" testName="SuperSee.Tests.TeamsControllerTests.GetAllTeams_ReturnsTeamsAsDtos" computerName="YAZGI" duration="00:00:04.5373495" startTime="2026-06-04T21:06:50.0635200+03:00" endTime="2026-06-04T21:06:54.5357508+03:00" testType="13cdc9d9-ddb5-4fa4-a97d-d965ccfc6d4b" outcome="Passed" testListId="8c84fa94-04c1-424b-9868-57a2d4851a1d" relativeResultsDirectory="e6e07168-c632-402d-9fb1-5e848332f300" />
    <UnitTestResult executionId="6e615ea3-3256-4690-9032-e2936fbc9c68" testId="68ac8a71-2db5-6d6c-05bd-7440ba32048c" testName="SuperSee.Tests.SupervisorServiceTests.UploadFileSubmission_TeamNotFound_ThrowsException" computerName="YAZGI" duration="00:00:00.0019597" startTime="2026-06-04T21:06:54.6902571+03:00" endTime="2026-06-04T21:06:54.6964835+03:00" testType="13cdc9d9-ddb5-4fa4-a97d-d965ccfc6d4b" outcome="Passed" testListId="8c84fa94-04c1-424b-9868-57a2d4851a1d" relativeResultsDirectory="6e615ea3-3256-4690-9032-e2936fbc9c68" />
    <UnitTestResult executionId="986dd706-bd6a-47fa-a48b-4d3b5d8ab9b1" testId="9c4f9d34-74a1-109f-0414-4562ba4947fd" testName="SuperSee.Tests.CoordinatorServiceTests.ApproveTeamByCoordinator_NotPending_ThrowsException" computerName="YAZGI" duration="00:00:00.0029837" startTime="2026-06-04T21:06:54.8285016+03:00" endTime="2026-06-04T21:06:54.8287391+03:00" testType="13cdc9d9-ddb5-4fa4-a97d-d965ccfc6d4b" outcome="Passed" testListId="8c84fa94-04c1-424b-9868-57a2d4851a1d" relativeResultsDirectory="986dd706-bd6a-47fa-a48b-4d3b5d8ab9b1" />
    <UnitTestResult executionId="358be01e-6ce8-4a44-975c-422949b96578" testId="d4b93c4e-467b-9bf3-b7c2-a85cc4dc4371" testName="SuperSee.Tests.SupervisorServiceTests.AcceptAssignment_AlreadyAcceptedBySupervisor_ThrowsException" computerName="YAZGI" duration="00:00:00.0052710" startTime="2026-06-04T21:06:54.5564971+03:00" endTime="2026-06-04T21:06:54.5612500+03:00" testType="13cdc9d9-ddb5-4fa4-a97d-d965ccfc6d4b" outcome="Passed" testListId="8c84fa94-04c1-424b-9868-57a2d4851a1d" relativeResultsDirectory="358be01e-6ce8-4a44-975c-422949b96578" />
    <UnitTestResult executionId="9ec56b6f-7876-40a4-8460-8ffed5bde57e" testId="67ff3acc-0828-2ff4-bc59-219d48881a16" testName="SuperSee.Tests.SupervisorServiceTests.AddCommentToFileSubmission_Valid_AddsComment" computerName="YAZGI" duration="00:00:00.0310562" startTime="2026-06-04T21:06:54.5616739+03:00" endTime="2026-06-04T21:06:54.5926078+03:00" testType="13cdc9d9-ddb5-4fa4-a97d-d965ccfc6d4b" outcome="Passed" testListId="8c84fa94-04c1-424b-9868-57a2d4851a1d" relativeResultsDirectory="9ec56b6f-7876-40a4-8460-8ffed5bde57e" />
    <UnitTestResult executionId="f1f8abf3-c91d-43b3-ac6c-580634eda33a" testId="78dc8a3c-866f-e7ce-d1e4-130056fb0f2d" testName="SuperSee.Tests.IntegrationTests.TeamAndProject_CascadeDelete_Works" computerName="YAZGI" duration="00:00:05.7540140" startTime="2026-06-04T21:06:50.0636453+03:00" endTime="2026-06-04T21:06:55.7610882+03:00" testType="13cdc9d9-ddb5-4fa4-a97d-d965ccfc6d4b" outcome="Passed" testListId="8c84fa94-04c1-424b-9868-57a2d4851a1d" relativeResultsDirectory="f1f8abf3-c91d-43b3-ac6c-580634eda33a" />
    <UnitTestResult executionId="6e571dcc-3dc6-42b0-9c3a-dccbcaa0bf3b" testId="bad7b50f-b66e-ed15-1d4a-9095d3a062d5" testName="SuperSee.Tests.IntegrationTests.TeamName_UniqueConstraint_PreventsDuplicates" computerName="YAZGI" duration="00:00:01.3820855" startTime="2026-06-04T21:06:55.7619458+03:00" endTime="2026-06-04T21:06:57.1289372+03:00" testType="13cdc9d9-ddb5-4fa4-a97d-d965ccfc6d4b" outcome="Passed" testListId="8c84fa94-04c1-424b-9868-57a2d4851a1d" relativeResultsDirectory="6e571dcc-3dc6-42b0-9c3a-dccbcaa0bf3b" />
    <UnitTestResult executionId="9482b6f4-10cf-4b09-863c-bd063c25961f" testId="842fb515-51b4-11b1-7a0f-2f300447053d" testName="SuperSee.Tests.StudentsControllerTests.GetAllStudents_WhenNoStudents_ReturnsEmptyList" computerName="YAZGI" duration="00:00:04.5041515" startTime="2026-06-04T21:06:50.0634285+03:00" endTime="2026-06-04T21:06:54.5043359+03:00" testType="13cdc9d9-ddb5-4fa4-a97d-d965ccfc6d4b" outcome="Passed" testListId="8c84fa94-04c1-424b-9868-57a2d4851a1d" relativeResultsDirectory="9482b6f4-10cf-4b09-863c-bd063c25961f" />
    <UnitTestResult executionId="4abc30aa-9d31-4bdf-a906-f6abe34daaeb" testId="e67843f9-c4ca-6300-566a-0c5204c6fee9" testName="SuperSee.Tests.MessagingTests.SaveMessage_ToDatabase_Works" computerName="YAZGI" duration="00:00:04.5043029" startTime="2026-06-04T21:06:50.0605595+03:00" endTime="2026-06-04T21:06:54.5123455+03:00" testType="13cdc9d9-ddb5-4fa4-a97d-d965ccfc6d4b" outcome="Passed" testListId="8c84fa94-04c1-424b-9868-57a2d4851a1d" relativeResultsDirectory="4abc30aa-9d31-4bdf-a906-f6abe34daaeb" />
    <UnitTestResult executionId="ccf991c2-0912-45c1-817a-94f2d192095f" testId="d2d420c2-f09e-aad3-6785-768634c65b21" testName="SuperSee.Tests.CoordinatorServiceTests.CreateTeamWithProject_MaxTeamsReached_ThrowsException" computerName="YAZGI" duration="00:00:00.0064966" startTime="2026-06-04T21:06:54.8662083+03:00" endTime="2026-06-04T21:06:54.8720525+03:00" testType="13cdc9d9-ddb5-4fa4-a97d-d965ccfc6d4b" outcome="Passed" testListId="8c84fa94-04c1-424b-9868-57a2d4851a1d" relativeResultsDirectory="ccf991c2-0912-45c1-817a-94f2d192095f" />
    <UnitTestResult executionId="ecfacfb4-5c7f-457d-88f2-d6dbef33b07c" testId="208f7fd2-941e-765e-e980-955bb49955e5" testName="SuperSee.Tests.FileSubmissionTests.FileComment_Relationship_Works" computerName="YAZGI" duration="00:00:04.5657506" startTime="2026-06-04T21:06:50.1236543+03:00" endTime="2026-06-04T21:06:54.5961866+03:00" testType="13cdc9d9-ddb5-4fa4-a97d-d965ccfc6d4b" outcome="Passed" testListId="8c84fa94-04c1-424b-9868-57a2d4851a1d" relativeResultsDirectory="ecfacfb4-5c7f-457d-88f2-d6dbef33b07c" />
    <UnitTestResult executionId="319f83d5-d87d-4345-bed7-73c37c5860a2" testId="3808002d-d394-80fd-d511-49512787ae16" testName="SuperSee.Tests.ExtraTests.StudentDto_Mapping" computerName="YAZGI" duration="00:00:00.0001760" startTime="2026-06-04T21:06:54.7118907+03:00" endTime="2026-06-04T21:06:54.7121519+03:00" testType="13cdc9d9-ddb5-4fa4-a97d-d965ccfc6d4b" outcome="Passed" testListId="8c84fa94-04c1-424b-9868-57a2d4851a1d" relativeResultsDirectory="319f83d5-d87d-4345-bed7-73c37c5860a2" />
    <UnitTestResult executionId="940cd467-8982-4b11-8a37-cc28c0d0c203" testId="192b8982-8764-6712-533d-38de5e09b648" testName="SuperSee.Tests.NotificationTests.Notification_PropertiesSetCorrectly" computerName="YAZGI" duration="00:00:00.0008916" startTime="2026-06-04T21:06:54.2918532+03:00" endTime="2026-06-04T21:06:54.2923228+03:00" testType="13cdc9d9-ddb5-4fa4-a97d-d965ccfc6d4b" outcome="Passed" testListId="8c84fa94-04c1-424b-9868-57a2d4851a1d" relativeResultsDirectory="940cd467-8982-4b11-8a37-cc28c0d0c203" />
    <UnitTestResult executionId="24f667e2-c5ed-4ea6-af45-e820a67cf9d9" testId="c52ae667-99ca-8a37-8079-5b386f0fe346" testName="SuperSee.Tests.NotificationTests.SaveNotification_ToDatabase_Works" computerName="YAZGI" duration="00:00:04.2834348" startTime="2026-06-04T21:06:50.0636748+03:00" endTime="2026-06-04T21:06:54.2892167+03:00" testType="13cdc9d9-ddb5-4fa4-a97d-d965ccfc6d4b" outcome="Passed" testListId="8c84fa94-04c1-424b-9868-57a2d4851a1d" relativeResultsDirectory="24f667e2-c5ed-4ea6-af45-e820a67cf9d9" />
    <UnitTestResult executionId="90d1463c-596e-4c82-9d30-768a741f8e95" testId="0ad8957f-ded9-fc21-6b9e-b4a0642f2362" testName="SuperSee.Tests.ExtraTests.Coordinator_Initialization" computerName="YAZGI" duration="00:00:00.0003071" startTime="2026-06-04T21:06:54.7025687+03:00" endTime="2026-06-04T21:06:54.7027424+03:00" testType="13cdc9d9-ddb5-4fa4-a97d-d965ccfc6d4b" outcome="Passed" testListId="8c84fa94-04c1-424b-9868-57a2d4851a1d" relativeResultsDirectory="90d1463c-596e-4c82-9d30-768a741f8e95" />
    <UnitTestResult executionId="996f3f19-a902-4bf0-8d68-af5bb40c9ebf" testId="abf5a3e7-5097-52ed-be70-920c4032c6b3" testName="SuperSee.Tests.SupervisorServiceTests.RefuseAssignment_ValidRequest_UpdatesStatus" computerName="YAZGI" duration="00:00:00.0082883" startTime="2026-06-04T21:06:54.5496287+03:00" endTime="2026-06-04T21:06:54.5556622+03:00" testType="13cdc9d9-ddb5-4fa4-a97d-d965ccfc6d4b" outcome="Passed" testListId="8c84fa94-04c1-424b-9868-57a2d4851a1d" relativeResultsDirectory="996f3f19-a902-4bf0-8d68-af5bb40c9ebf" />
    <UnitTestResult executionId="b805dfe9-16fa-4d04-b3f4-7806d7c941a9" testId="995dd7f8-d590-3315-8d1e-cf1a9f0ad7e3" testName="SuperSee.Tests.ExtraTests.TeamInvitation_Status_Changes" computerName="YAZGI" duration="00:00:00.0076004" startTime="2026-06-04T21:06:54.4756987+03:00" endTime="2026-06-04T21:06:54.4759836+03:00" testType="13cdc9d9-ddb5-4fa4-a97d-d965ccfc6d4b" outcome="Passed" testListId="8c84fa94-04c1-424b-9868-57a2d4851a1d" relativeResultsDirectory="b805dfe9-16fa-4d04-b3f4-7806d7c941a9" />
    <UnitTestResult executionId="cbf6f223-cd74-480b-9e99-e791ed83b9a3" testId="164a734e-68cc-f38f-4ac9-1f13a4f97f21" testName="SuperSee.Tests.ExtraTests.DeleteTeam_NullifiesStudentTeamId" computerName="YAZGI" duration="00:00:00.0086418" startTime="2026-06-04T21:06:54.7922100+03:00" endTime="2026-06-04T21:06:54.7990982+03:00" testType="13cdc9d9-ddb5-4fa4-a97d-d965ccfc6d4b" outcome="Passed" testListId="8c84fa94-04c1-424b-9868-57a2d4851a1d" relativeResultsDirectory="cbf6f223-cd74-480b-9e99-e791ed83b9a3" />
    <UnitTestResult executionId="abf9c2a2-f7b9-4299-afe8-e52eadc7a4ec" testId="628157ec-dd9e-c82c-4c8c-7db1135d3805" testName="SuperSee.Tests.CoordinatorServiceTests.CreateTeamWithProject_StudentRole_CreatesPendingTeam" computerName="YAZGI" duration="00:00:00.0039660" startTime="2026-06-04T21:06:54.8921092+03:00" endTime="2026-06-04T21:06:54.8955496+03:00" testType="13cdc9d9-ddb5-4fa4-a97d-d965ccfc6d4b" outcome="Passed" testListId="8c84fa94-04c1-424b-9868-57a2d4851a1d" relativeResultsDirectory="abf9c2a2-f7b9-4299-afe8-e52eadc7a4ec" />
    <UnitTestResult executionId="2f4833dc-9dfd-4512-8595-67375a3ca2d1" testId="e0a09e4d-b7c6-79ec-ee82-865d69e32083" testName="SuperSee.Tests.TeamRepositoryTests.AddTeam_AddsToCollection" computerName="YAZGI" duration="00:00:00.0321236" startTime="2026-06-04T21:06:50.6726295+03:00" endTime="2026-06-04T21:06:50.6734575+03:00" testType="13cdc9d9-ddb5-4fa4-a97d-d965ccfc6d4b" outcome="Passed" testListId="8c84fa94-04c1-424b-9868-57a2d4851a1d" relativeResultsDirectory="2f4833dc-9dfd-4512-8595-67375a3ca2d1" />
    <UnitTestResult executionId="d1e4b47b-5c8c-426c-8b97-317d58ca7d10" testId="9bd9765b-c9c6-ea7c-f2f9-09f4c6bbcc88" testName="SuperSee.Tests.TaskOrderingTests.DeleteTask_RemovesTaskAndMilestones" computerName="YAZGI" duration="00:00:04.4965410" startTime="2026-06-04T21:06:50.1251350+03:00" endTime="2026-06-04T21:06:54.5325133+03:00" testType="13cdc9d9-ddb5-4fa4-a97d-d965ccfc6d4b" outcome="Passed" testListId="8c84fa94-04c1-424b-9868-57a2d4851a1d" relativeResultsDirectory="d1e4b47b-5c8c-426c-8b97-317d58ca7d10" />
    <UnitTestResult executionId="10b394bd-4c89-4467-97c4-0c40c7aaf6a2" testId="d66ca4f7-f6a9-b243-70e2-cabf33c004e2" testName="SuperSee.Tests.CoordinatorServiceTests.SwapMembersBetweenTeams_TeamNotFound_ThrowsException" computerName="YAZGI" duration="00:00:00.0027722" startTime="2026-06-04T21:06:54.8537550+03:00" endTime="2026-06-04T21:06:54.8565919+03:00" testType="13cdc9d9-ddb5-4fa4-a97d-d965ccfc6d4b" outcome="Passed" testListId="8c84fa94-04c1-424b-9868-57a2d4851a1d" relativeResultsDirectory="10b394bd-4c89-4467-97c4-0c40c7aaf6a2" />
    <UnitTestResult executionId="2ea7aa93-ffad-4e30-91c8-4bfd4012f2a1" testId="4f9828fc-f366-ea45-ae4a-f9a9452548a8" testName="SuperSee.Tests.TeamsControllerTests.CreateTeam_ValidRequest_ReturnsCreatedTeam" computerName="YAZGI" duration="00:00:00.1359898" startTime="2026-06-04T21:06:54.5407552+03:00" endTime="2026-06-04T21:06:54.6755859+03:00" testType="13cdc9d9-ddb5-4fa4-a97d-d965ccfc6d4b" outcome="Passed" testListId="8c84fa94-04c1-424b-9868-57a2d4851a1d" relativeResultsDirectory="2ea7aa93-ffad-4e30-91c8-4bfd4012f2a1" />
    <UnitTestResult executionId="0319f3d2-7c3e-46fd-956e-9836327addf1" testId="fe7b703c-0a18-2c64-b432-f8694b41c9d4" testName="SuperSee.Tests.IntegrationTests.DatabaseSchema_IsCorrectlyCreated" computerName="YAZGI" duration="00:00:00.3004264" startTime="2026-06-04T21:06:57.9128760+03:00" endTime="2026-06-04T21:06:58.2100014+03:00" testType="13cdc9d9-ddb5-4fa4-a97d-d965ccfc6d4b" outcome="Passed" testListId="8c84fa94-04c1-424b-9868-57a2d4851a1d" relativeResultsDirectory="0319f3d2-7c3e-46fd-956e-9836327addf1" />
    <UnitTestResult executionId="359feb29-2a78-40dd-aedc-4a9f892ca59d" testId="7ae9e062-f958-0c5e-d147-58803e77b87e" testName="SuperSee.Tests.ExtraTests.Project_Constructor_SetsProperties" computerName="YAZGI" duration="00:00:00.0074305" startTime="2026-06-04T21:06:54.6092146+03:00" endTime="2026-06-04T21:06:54.6149355+03:00" testType="13cdc9d9-ddb5-4fa4-a97d-d965ccfc6d4b" outcome="Passed" testListId="8c84fa94-04c1-424b-9868-57a2d4851a1d" relativeResultsDirectory="359feb29-2a78-40dd-aedc-4a9f892ca59d" />
    <UnitTestResult executionId="83d7a4a6-070d-4dce-bc72-bbc7d289bc26" testId="a082fc7a-d5be-4c96-9f91-16588af250fe" testName="SuperSee.Tests.CoordinatorServiceTests.CreateTeamWithProject_SupervisorNotFound_ThrowsException" computerName="YAZGI" duration="00:00:00.0020406" startTime="2026-06-04T21:06:54.8274419+03:00" endTime="2026-06-04T21:06:54.8277191+03:00" testType="13cdc9d9-ddb5-4fa4-a97d-d965ccfc6d4b" outcome="Passed" testListId="8c84fa94-04c1-424b-9868-57a2d4851a1d" relativeResultsDirectory="83d7a4a6-070d-4dce-bc72-bbc7d289bc26" />
    <UnitTestResult executionId="2f488e0b-326a-450a-926c-638f4e32b56e" testId="7e1854b3-cac7-915c-13d7-d626299ec244" testName="SuperSee.Tests.ExtraTests.Role_Enum_Values" computerName="YAZGI" duration="00:00:00.0002928" startTime="2026-06-04T21:06:54.6068497+03:00" endTime="2026-06-04T21:06:54.6074435+03:00" testType="13cdc9d9-ddb5-4fa4-a97d-d965ccfc6d4b" outcome="Passed" testListId="8c84fa94-04c1-424b-9868-57a2d4851a1d" relativeResultsDirectory="2f488e0b-326a-450a-926c-638f4e32b56e" />
    <UnitTestResult executionId="7b33d84c-7ce9-412f-8662-071981e7ab76" testId="d284b23e-aaaa-8b9c-2c49-40d4c4d3b21d" testName="SuperSee.Tests.ExtraTests.Project_Status_Change" computerName="YAZGI" duration="00:00:00.0003545" startTime="2026-06-04T21:06:54.6295903+03:00" endTime="2026-06-04T21:06:54.6299126+03:00" testType="13cdc9d9-ddb5-4fa4-a97d-d965ccfc6d4b" outcome="Passed" testListId="8c84fa94-04c1-424b-9868-57a2d4851a1d" relativeResultsDirectory="7b33d84c-7ce9-412f-8662-071981e7ab76" />
    <UnitTestResult executionId="05e5c6d7-2b25-489a-95f4-c298b2127f7e" testId="4a815750-e078-2246-4255-dc459844db9f" testName="SuperSee.Tests.CoordinatorServiceTests.AssignSupervisorToTeam_Valid_UpdatesSupervisor" computerName="YAZGI" duration="00:00:00.0124482" startTime="2026-06-04T21:06:54.8756324+03:00" endTime="2026-06-04T21:06:54.8847667+03:00" testType="13cdc9d9-ddb5-4fa4-a97d-d965ccfc6d4b" outcome="Passed" testListId="8c84fa94-04c1-424b-9868-57a2d4851a1d" relativeResultsDirectory="05e5c6d7-2b25-489a-95f4-c298b2127f7e" />
    <UnitTestResult executionId="57daed2f-2799-4c1d-9c3e-6888eaf7a17a" testId="b38ba59b-841f-6fe2-817f-dfda9a5b3452" testName="SuperSee.Tests.StudentsControllerTests.GetAllStudents_ReturnsAllStudentsAsDtos" computerName="YAZGI" duration="00:00:00.0114990" startTime="2026-06-04T21:06:54.5122136+03:00" endTime="2026-06-04T21:06:54.5150969+03:00" testType="13cdc9d9-ddb5-4fa4-a97d-d965ccfc6d4b" outcome="Passed" testListId="8c84fa94-04c1-424b-9868-57a2d4851a1d" relativeResultsDirectory="57daed2f-2799-4c1d-9c3e-6888eaf7a17a" />
    <UnitTestResult executionId="21fb1105-19ae-4cb3-a259-4e71054e6bf7" testId="4c2b80c9-43c1-6c38-f54b-c0f8db584ebb" testName="SuperSee.Tests.CoordinatorServiceTests.RemoveStudentFromTeam_Valid_RemovesStudent" computerName="YAZGI" duration="00:00:00.1362283" startTime="2026-06-04T21:06:54.4715908+03:00" endTime="2026-06-04T21:06:54.5668081+03:00" testType="13cdc9d9-ddb5-4fa4-a97d-d965ccfc6d4b" outcome="Passed" testListId="8c84fa94-04c1-424b-9868-57a2d4851a1d" relativeResultsDirectory="21fb1105-19ae-4cb3-a259-4e71054e6bf7" />
    <UnitTestResult executionId="5e55f0f9-3bc4-467a-a052-058a9077976f" testId="33f5b28f-523d-eb9d-3174-b87c0006b9b4" testName="SuperSee.Tests.CoordinatorServiceTests.CreateTeamWithProject_TooManyMembers_ThrowsException" computerName="YAZGI" duration="00:00:04.4320151" startTime="2026-06-04T21:06:50.0635515+03:00" endTime="2026-06-04T21:06:54.4665051+03:00" testType="13cdc9d9-ddb5-4fa4-a97d-d965ccfc6d4b" outcome="Passed" testListId="8c84fa94-04c1-424b-9868-57a2d4851a1d" relativeResultsDirectory="5e55f0f9-3bc4-467a-a052-058a9077976f" />
    <UnitTestResult executionId="c18239c0-8810-4c9d-bf4a-6c0233ab2c35" testId="35a35be6-a6fc-d7e6-a694-d31c83d26994" testName="SuperSee.Tests.ExtraTests.CreateTeamRequest_Validation" computerName="YAZGI" duration="00:00:00.0046131" startTime="2026-06-04T21:06:54.6982543+03:00" endTime="2026-06-04T21:06:54.6996242+03:00" testType="13cdc9d9-ddb5-4fa4-a97d-d965ccfc6d4b" outcome="Passed" testListId="8c84fa94-04c1-424b-9868-57a2d4851a1d" relativeResultsDirectory="c18239c0-8810-4c9d-bf4a-6c0233ab2c35" />
    <UnitTestResult executionId="18353b2e-8042-476b-ab60-60616a54e0a6" testId="07cc2010-6ba2-0c0d-627d-8603bf8166d4" testName="SuperSee.Tests.ExtraTests.FileComment_Supervisor_Relationship" computerName="YAZGI" duration="00:00:00.0007398" startTime="2026-06-04T21:06:54.6243413+03:00" endTime="2026-06-04T21:06:54.6246408+03:00" testType="13cdc9d9-ddb5-4fa4-a97d-d965ccfc6d4b" outcome="Passed" testListId="8c84fa94-04c1-424b-9868-57a2d4851a1d" relativeResultsDirectory="18353b2e-8042-476b-ab60-60616a54e0a6" />
    <UnitTestResult executionId="45f23801-c29a-4798-b766-d599a2b36144" testId="9a9af7ce-2cfe-ae04-60f0-57c68045918e" testName="SuperSee.Tests.CoordinatorServiceTests.AssignSupervisorToTeam_NotFound_ThrowsException" computerName="YAZGI" duration="00:00:00.0146300" startTime="2026-06-04T21:06:54.8293084+03:00" endTime="2026-06-04T21:06:54.8437471+03:00" testType="13cdc9d9-ddb5-4fa4-a97d-d965ccfc6d4b" outcome="Passed" testListId="8c84fa94-04c1-424b-9868-57a2d4851a1d" relativeResultsDirectory="45f23801-c29a-4798-b766-d599a2b36144" />
    <UnitTestResult executionId="d6e4d7b1-1eb8-40ec-bb17-7e9645e99cc1" testId="9d91d651-14f4-f2b9-98da-cb93a9e77e94" testName="SuperSee.Tests.SupervisorServiceTests.UploadFileSubmission_Valid_CreatesSubmission" computerName="YAZGI" duration="00:00:00.0044039" startTime="2026-06-04T21:06:54.7571555+03:00" endTime="2026-06-04T21:06:54.7608994+03:00" testType="13cdc9d9-ddb5-4fa4-a97d-d965ccfc6d4b" outcome="Passed" testListId="8c84fa94-04c1-424b-9868-57a2d4851a1d" relativeResultsDirectory="d6e4d7b1-1eb8-40ec-bb17-7e9645e99cc1" />
    <UnitTestResult executionId="bc6a07b7-cf2e-4b6b-8f17-938d590eae6d" testId="7f965994-54ca-05c7-4bdc-143290378c6f" testName="SuperSee.Tests.CoordinatorServiceTests.AddStudentToTeam_StudentNotFound_ThrowsException" computerName="YAZGI" duration="00:00:00.0166987" startTime="2026-06-04T21:06:54.7895256+03:00" endTime="2026-06-04T21:06:54.8058155+03:00" testType="13cdc9d9-ddb5-4fa4-a97d-d965ccfc6d4b" outcome="Passed" testListId="8c84fa94-04c1-424b-9868-57a2d4851a1d" relativeResultsDirectory="bc6a07b7-cf2e-4b6b-8f17-938d590eae6d" />
    <UnitTestResult executionId="2e16e845-9871-4dff-a4b0-2ef55729e98e" testId="ab5996d6-d3bc-1fca-7278-ee68e9315003" testName="SuperSee.Tests.SupervisorServiceTests.GetFileSubmission_NotFound_ThrowsException" computerName="YAZGI" duration="00:00:00.0569961" startTime="2026-06-04T21:06:54.5934345+03:00" endTime="2026-06-04T21:06:54.6498167+03:00" testType="13cdc9d9-ddb5-4fa4-a97d-d965ccfc6d4b" outcome="Passed" testListId="8c84fa94-04c1-424b-9868-57a2d4851a1d" relativeResultsDirectory="2e16e845-9871-4dff-a4b0-2ef55729e98e" />
    <UnitTestResult executionId="ac6d03ba-2e5c-47f7-8e33-c6cf752c67ab" testId="7eb78794-5268-6b54-ce64-9619e852b266" testName="SuperSee.Tests.ExtraTests.Student_Team_Relationship" computerName="YAZGI" duration="00:00:00.0005374" startTime="2026-06-04T21:06:54.6306010+03:00" endTime="2026-06-04T21:06:54.6309358+03:00" testType="13cdc9d9-ddb5-4fa4-a97d-d965ccfc6d4b" outcome="Passed" testListId="8c84fa94-04c1-424b-9868-57a2d4851a1d" relativeResultsDirectory="ac6d03ba-2e5c-47f7-8e33-c6cf752c67ab" />
    <UnitTestResult executionId="35cc8ae5-6838-4773-b9b3-6bcff6f0195d" testId="5bf9d00f-3b19-cb04-63c1-d268893e1c72" testName="SuperSee.Tests.ExtraTests.SaveInvitation_Works" computerName="YAZGI" duration="00:00:00.0841793" startTime="2026-06-04T21:06:54.7146511+03:00" endTime="2026-06-04T21:06:54.7888976+03:00" testType="13cdc9d9-ddb5-4fa4-a97d-d965ccfc6d4b" outcome="Passed" testListId="8c84fa94-04c1-424b-9868-57a2d4851a1d" relativeResultsDirectory="35cc8ae5-6838-4773-b9b3-6bcff6f0195d" />
    <UnitTestResult executionId="63aa5f85-eba6-481b-a5ba-c3e94da9f400" testId="f3c52920-40f2-1ee4-c7a5-01ed5050ca8e" testName="SuperSee.Tests.ExtraTests.AssignmentStatus_Enum_Values" computerName="YAZGI" duration="00:00:00.0002791" startTime="2026-06-04T21:06:54.5565532+03:00" endTime="2026-06-04T21:06:54.5567377+03:00" testType="13cdc9d9-ddb5-4fa4-a97d-d965ccfc6d4b" outcome="Passed" testListId="8c84fa94-04c1-424b-9868-57a2d4851a1d" relativeResultsDirectory="63aa5f85-eba6-481b-a5ba-c3e94da9f400" />
    <UnitTestResult executionId="4b33a980-6d84-40c3-a452-f4ce25f409ba" testId="f7447633-066e-c27a-9cb3-4ec0ff72a4cd" testName="SuperSee.Tests.SupervisorServiceTests.GetFileSubmission_Valid_ReturnsSubmission" computerName="YAZGI" duration="00:00:00.0382318" startTime="2026-06-04T21:06:54.7433488+03:00" endTime="2026-06-04T21:06:54.7498388+03:00" testType="13cdc9d9-ddb5-4fa4-a97d-d965ccfc6d4b" outcome="Passed" testListId="8c84fa94-04c1-424b-9868-57a2d4851a1d" relativeResultsDirectory="4b33a980-6d84-40c3-a452-f4ce25f409ba" />
    <UnitTestResult executionId="62d98d1c-f04b-4888-a60e-a33feb9fd980" testId="c1c2c356-f824-0df5-8103-5d033533270f" testName="SuperSee.Tests.SupervisorServiceTests.GetTeamsForSupervisor_OtherSupervisorTeams_ThrowsUnauthorized" computerName="YAZGI" duration="00:00:00.0022342" startTime="2026-06-04T21:06:54.7012384+03:00" endTime="2026-06-04T21:06:54.7067356+03:00" testType="13cdc9d9-ddb5-4fa4-a97d-d965ccfc6d4b" outcome="Passed" testListId="8c84fa94-04c1-424b-9868-57a2d4851a1d" relativeResultsDirectory="62d98d1c-f04b-4888-a60e-a33feb9fd980" />
    <UnitTestResult executionId="16769ea7-4552-46ba-8404-44a7a692af36" testId="f537f50c-7476-4ac3-6b28-00b2464f7037" testName="SuperSee.Tests.ExtraTests.Student_Properties_Correct" computerName="YAZGI" duration="00:00:00.0003614" startTime="2026-06-04T21:06:54.6885118+03:00" endTime="2026-06-04T21:06:54.6887526+03:00" testType="13cdc9d9-ddb5-4fa4-a97d-d965ccfc6d4b" outcome="Passed" testListId="8c84fa94-04c1-424b-9868-57a2d4851a1d" relativeResultsDirectory="16769ea7-4552-46ba-8404-44a7a692af36" />
    <UnitTestResult executionId="42873ddd-32f6-4912-ae97-e43c62c0fc04" testId="c422e55a-b3a0-7f19-6c02-531b4b0edd69" testName="SuperSee.Tests.ExtraTests.Team_Constructor_SetsDefaults" computerName="YAZGI" duration="00:00:00.0060097" startTime="2026-06-04T21:06:54.5501998+03:00" endTime="2026-06-04T21:06:54.5559598+03:00" testType="13cdc9d9-ddb5-4fa4-a97d-d965ccfc6d4b" outcome="Passed" testListId="8c84fa94-04c1-424b-9868-57a2d4851a1d" relativeResultsDirectory="42873ddd-32f6-4912-ae97-e43c62c0fc04" />
    <UnitTestResult executionId="692f6445-3429-48cd-9c8a-507f4c230b56" testId="d3c1bf15-4fcc-0b9f-8b2a-626c5dcc759e" testName="SuperSee.Tests.CoordinatorServiceTests.CreateTeamWithProject_DuplicateTeamName_ThrowsException" computerName="YAZGI" duration="00:00:00.0042393" startTime="2026-06-04T21:06:54.8177527+03:00" endTime="2026-06-04T21:06:54.8215475+03:00" testType="13cdc9d9-ddb5-4fa4-a97d-d965ccfc6d4b" outcome="Passed" testListId="8c84fa94-04c1-424b-9868-57a2d4851a1d" relativeResultsDirectory="692f6445-3429-48cd-9c8a-507f4c230b56" />
    <UnitTestResult executionId="350d3c5d-a36b-40fb-8568-fcc98d531681" testId="f11c650c-752e-f82d-cce9-d59d71bfa370" testName="SuperSee.Tests.SupervisorServiceTests.GetTeamsForSupervisor_OwnTeams_ReturnsTeams" computerName="YAZGI" duration="00:00:00.0039182" startTime="2026-06-04T21:06:54.7527154+03:00" endTime="2026-06-04T21:06:54.7562028+03:00" testType="13cdc9d9-ddb5-4fa4-a97d-d965ccfc6d4b" outcome="Passed" testListId="8c84fa94-04c1-424b-9868-57a2d4851a1d" relativeResultsDirectory="350d3c5d-a36b-40fb-8568-fcc98d531681" />
    <UnitTestResult executionId="a3e146d8-616c-4b4a-975a-46df7aded62e" testId="861bd919-02b7-57e5-2e8b-2f04ed220559" testName="SuperSee.Tests.ExtraTests.AddStudentToTeam_StudentAlreadyHasTeam_ThrowsException" computerName="YAZGI" duration="00:00:00.0060026" startTime="2026-06-04T21:06:54.6158338+03:00" endTime="2026-06-04T21:06:54.6233033+03:00" testType="13cdc9d9-ddb5-4fa4-a97d-d965ccfc6d4b" outcome="Passed" testListId="8c84fa94-04c1-424b-9868-57a2d4851a1d" relativeResultsDirectory="a3e146d8-616c-4b4a-975a-46df7aded62e" />
    <UnitTestResult executionId="f0e4aa07-21ca-4159-aece-e0529b501668" testId="4c3b3f45-f385-5faf-dc5d-7367ab5e72bd" testName="SuperSee.Tests.CoordinatorServiceTests.DeleteTeam_ExistingTeam_RemovesTeam" computerName="YAZGI" duration="00:00:00.0050400" startTime="2026-06-04T21:06:54.8573961+03:00" endTime="2026-06-04T21:06:54.8618022+03:00" testType="13cdc9d9-ddb5-4fa4-a97d-d965ccfc6d4b" outcome="Passed" testListId="8c84fa94-04c1-424b-9868-57a2d4851a1d" relativeResultsDirectory="f0e4aa07-21ca-4159-aece-e0529b501668" />
    <UnitTestResult executionId="b2b04122-2254-49a9-ae0b-ba5a880325a3" testId="2b8f3349-5a38-2a54-a539-f100861cffce" testName="SuperSee.Tests.ExtraTests.TeamInvitation_Status_Enum_Values" computerName="YAZGI" duration="00:00:00.0001558" startTime="2026-06-04T21:06:54.6910531+03:00" endTime="2026-06-04T21:06:54.6913848+03:00" testType="13cdc9d9-ddb5-4fa4-a97d-d965ccfc6d4b" outcome="Passed" testListId="8c84fa94-04c1-424b-9868-57a2d4851a1d" relativeResultsDirectory="b2b04122-2254-49a9-ae0b-ba5a880325a3" />
    <UnitTestResult executionId="de7b0619-57e2-4581-a28f-60e7a7d85f39" testId="23acfb2a-9be9-b272-4d74-7d50b1437113" testName="SuperSee.Tests.CoordinatorServiceTests.SwapMembersBetweenTeams_ValidRequest_SwapsMembers" computerName="YAZGI" duration="00:00:00.0383314" startTime="2026-06-04T21:06:54.5696083+03:00" endTime="2026-06-04T21:06:54.6055947+03:00" testType="13cdc9d9-ddb5-4fa4-a97d-d965ccfc6d4b" outcome="Passed" testListId="8c84fa94-04c1-424b-9868-57a2d4851a1d" relativeResultsDirectory="de7b0619-57e2-4581-a28f-60e7a7d85f39" />
    <UnitTestResult executionId="a6af102b-bb7f-4aed-a8bc-a72ed8c0a2c2" testId="2be3d88b-2c1e-fa72-5e52-1d705e8c4318" testName="SuperSee.Tests.ExtraTests.AcceptAssignment_AlreadyRefused_ThrowsException" computerName="YAZGI" duration="00:00:00.0036055" startTime="2026-06-04T21:06:54.6275428+03:00" endTime="2026-06-04T21:06:54.6278811+03:00" testType="13cdc9d9-ddb5-4fa4-a97d-d965ccfc6d4b" outcome="Passed" testListId="8c84fa94-04c1-424b-9868-57a2d4851a1d" relativeResultsDirectory="a6af102b-bb7f-4aed-a8bc-a72ed8c0a2c2" />
    <UnitTestResult executionId="4b04fc5b-1e6b-4d28-929e-42e4326662de" testId="b2d65c64-f0ea-c6e1-4947-5e8e46cb186f" testName="SuperSee.Tests.ExtraTests.RemoveStudentFromTeam_StudentNotInTeam_ThrowsException" computerName="YAZGI" duration="00:00:00.0043926" startTime="2026-06-04T21:06:54.8007914+03:00" endTime="2026-06-04T21:06:54.8043844+03:00" testType="13cdc9d9-ddb5-4fa4-a97d-d965ccfc6d4b" outcome="Passed" testListId="8c84fa94-04c1-424b-9868-57a2d4851a1d" relativeResultsDirectory="4b04fc5b-1e6b-4d28-929e-42e4326662de" />
    <UnitTestResult executionId="69ccce8a-bde5-460f-9c90-d7ea0ea4be52" testId="03651119-18f9-00d6-63eb-1d649e90aae6" testName="SuperSee.Tests.CoordinatorServiceTests.ApproveTeamByCoordinator_Valid_UpdatesStatus" computerName="YAZGI" duration="00:00:00.0023109" startTime="2026-06-04T21:06:54.8517552+03:00" endTime="2026-06-04T21:06:54.8534740+03:00" testType="13cdc9d9-ddb5-4fa4-a97d-d965ccfc6d4b" outcome="Passed" testListId="8c84fa94-04c1-424b-9868-57a2d4851a1d" relativeResultsDirectory="69ccce8a-bde5-460f-9c90-d7ea0ea4be52" />
    <UnitTestResult executionId="a08878e2-6444-41fb-a83b-6704f98ab841" testId="a65e86a9-ad19-f530-6b79-7abc64cef985" testName="SuperSee.Tests.CoordinatorServiceTests.RejectTeamByCoordinator_Valid_RemovesTeamReferences" computerName="YAZGI" duration="00:00:00.0070263" startTime="2026-06-04T21:06:54.8445262+03:00" endTime="2026-06-04T21:06:54.8509681+03:00" testType="13cdc9d9-ddb5-4fa4-a97d-d965ccfc6d4b" outcome="Passed" testListId="8c84fa94-04c1-424b-9868-57a2d4851a1d" relativeResultsDirectory="a08878e2-6444-41fb-a83b-6704f98ab841" />
    <UnitTestResult executionId="18203d4d-ce5d-4ab7-8b84-4c313aab56cb" testId="48ca4a2b-f344-444d-06e7-bccd50a1eac6" testName="SuperSee.Tests.ExtraTests.TeamDto_Mapping" computerName="YAZGI" duration="00:00:00.0002646" startTime="2026-06-04T21:06:54.6285594+03:00" endTime="2026-06-04T21:06:54.6288844+03:00" testType="13cdc9d9-ddb5-4fa4-a97d-d965ccfc6d4b" outcome="Passed" testListId="8c84fa94-04c1-424b-9868-57a2d4851a1d" relativeResultsDirectory="18203d4d-ce5d-4ab7-8b84-4c313aab56cb" />
    <UnitTestResult executionId="32000c54-d517-44d3-abd0-b657fbe80b0a" testId="07d10110-b5cb-cf42-1f82-57959b684622" testName="SuperSee.Tests.SupervisorServiceTests.AcceptAssignment_NotAcceptedByCoordinator_ThrowsException" computerName="YAZGI" duration="00:00:00.1286014" startTime="2026-06-04T21:06:54.4038574+03:00" endTime="2026-06-04T21:06:54.5291992+03:00" testType="13cdc9d9-ddb5-4fa4-a97d-d965ccfc6d4b" outcome="Passed" testListId="8c84fa94-04c1-424b-9868-57a2d4851a1d" relativeResultsDirectory="32000c54-d517-44d3-abd0-b657fbe80b0a" />
    <UnitTestResult executionId="392047a7-8f48-494a-833e-cb47a6bc5530" testId="18edd936-7098-26a7-ce46-be8c6274dd48" testName="SuperSee.Tests.SupervisorServiceTests.AcceptAssignment_StudentRole_ThrowsException" computerName="YAZGI" duration="00:00:00.0028129" startTime="2026-06-04T21:06:54.6993693+03:00" endTime="2026-06-04T21:06:54.7005574+03:00" testType="13cdc9d9-ddb5-4fa4-a97d-d965ccfc6d4b" outcome="Passed" testListId="8c84fa94-04c1-424b-9868-57a2d4851a1d" relativeResultsDirectory="392047a7-8f48-494a-833e-cb47a6bc5530" />
    <UnitTestResult executionId="c9e8ac5a-6b6f-433d-9d6c-21d769f88201" testId="082c06bc-6f71-1432-3385-9bef547b76e7" testName="SuperSee.Tests.ExtraTests.Team_Coordinator_Relationship" computerName="YAZGI" duration="00:00:00.0005555" startTime="2026-06-04T21:06:54.7895856+03:00" endTime="2026-06-04T21:06:54.7897316+03:00" testType="13cdc9d9-ddb5-4fa4-a97d-d965ccfc6d4b" outcome="Passed" testListId="8c84fa94-04c1-424b-9868-57a2d4851a1d" relativeResultsDirectory="c9e8ac5a-6b6f-433d-9d6c-21d769f88201" />
    <UnitTestResult executionId="77c3100a-9307-491f-8761-01c026ca7599" testId="5e87e34a-9c42-9669-2fc7-eaa4acdff527" testName="SuperSee.Tests.ExtraTests.CreateTeamWithProject_DuplicateName_RefusedIncluded_ThrowsException" computerName="YAZGI" duration="00:00:00.0030411" startTime="2026-06-04T21:06:54.7003095+03:00" endTime="2026-06-04T21:06:54.7015346+03:00" testType="13cdc9d9-ddb5-4fa4-a97d-d965ccfc6d4b" outcome="Passed" testListId="8c84fa94-04c1-424b-9868-57a2d4851a1d" relativeResultsDirectory="77c3100a-9307-491f-8761-01c026ca7599" />
    <UnitTestResult executionId="88c86fd0-2f26-4d6c-899a-d5cdd5090512" testId="8c08fdc4-7b8d-8236-cfc9-8d46186e2fe7" testName="SuperSee.Tests.SupervisorServiceTests.AcceptAssignment_ValidRequest_UpdatesStatus" computerName="YAZGI" duration="00:00:00.0026136" startTime="2026-06-04T21:06:54.7076032+03:00" endTime="2026-06-04T21:06:54.7100507+03:00" testType="13cdc9d9-ddb5-4fa4-a97d-d965ccfc6d4b" outcome="Passed" testListId="8c84fa94-04c1-424b-9868-57a2d4851a1d" relativeResultsDirectory="88c86fd0-2f26-4d6c-899a-d5cdd5090512" />
    <UnitTestResult executionId="c9f8d9ea-de9b-4645-aca5-66d4bbfb4110" testId="81938566-ecad-8533-3cd6-64c30fe8d3f7" testName="SuperSee.Tests.CoordinatorServiceTests.SwapMembersBetweenTeams_StudentNotInTeam_ThrowsException" computerName="YAZGI" duration="00:00:00.0041611" startTime="2026-06-04T21:06:54.8132610+03:00" endTime="2026-06-04T21:06:54.8169599+03:00" testType="13cdc9d9-ddb5-4fa4-a97d-d965ccfc6d4b" outcome="Passed" testListId="8c84fa94-04c1-424b-9868-57a2d4851a1d" relativeResultsDirectory="c9f8d9ea-de9b-4645-aca5-66d4bbfb4110" />
    <UnitTestResult executionId="10a2df94-afdd-4b2c-b3b2-a838076f9a50" testId="200e0890-26eb-24bc-c609-690c85489958" testName="SuperSee.Tests.ExtraTests.Student_Capability_Relationship" computerName="YAZGI" duration="00:00:00.0586340" startTime="2026-06-04T21:06:54.6348633+03:00" endTime="2026-06-04T21:06:54.6876823+03:00" testType="13cdc9d9-ddb5-4fa4-a97d-d965ccfc6d4b" outcome="Passed" testListId="8c84fa94-04c1-424b-9868-57a2d4851a1d" relativeResultsDirectory="10a2df94-afdd-4b2c-b3b2-a838076f9a50" />
    <UnitTestResult executionId="931b4918-37b6-44a1-bd60-048e100f5bb2" testId="ac9cdbc3-2dc8-d7ac-e902-17c445180734" testName="SuperSee.Tests.ExtraTests.FileSubmission_Team_Relationship" computerName="YAZGI" duration="00:00:00.0004679" startTime="2026-06-04T21:06:54.7021366+03:00" endTime="2026-06-04T21:06:54.7022453+03:00" testType="13cdc9d9-ddb5-4fa4-a97d-d965ccfc6d4b" outcome="Passed" testListId="8c84fa94-04c1-424b-9868-57a2d4851a1d" relativeResultsDirectory="931b4918-37b6-44a1-bd60-048e100f5bb2" />
    <UnitTestResult executionId="950c010a-c7ba-4423-939a-c0132d8d2f4f" testId="4a2e6387-7267-5e9c-4d13-6065acae84cf" testName="SuperSee.Tests.SupervisorServiceTests.AddCommentToFileSubmission_Unauthorized_ThrowsException" computerName="YAZGI" duration="00:00:00.0079024" startTime="2026-06-04T21:06:54.7107876+03:00" endTime="2026-06-04T21:06:54.7149350+03:00" testType="13cdc9d9-ddb5-4fa4-a97d-d965ccfc6d4b" outcome="Passed" testListId="8c84fa94-04c1-424b-9868-57a2d4851a1d" relativeResultsDirectory="950c010a-c7ba-4423-939a-c0132d8d2f4f" />
    <UnitTestResult executionId="1a737e14-89bf-48c7-b163-5b7522bbbc74" testId="827367c5-7a0b-bdf8-0d1d-2d2da25ae85d" testName="SuperSee.Tests.ExtraTests.FileComment_Properties" computerName="YAZGI" duration="00:00:00.0004774" startTime="2026-06-04T21:06:54.6265307+03:00" endTime="2026-06-04T21:06:54.6268385+03:00" testType="13cdc9d9-ddb5-4fa4-a97d-d965ccfc6d4b" outcome="Passed" testListId="8c84fa94-04c1-424b-9868-57a2d4851a1d" relativeResultsDirectory="1a737e14-89bf-48c7-b163-5b7522bbbc74" />
    <UnitTestResult executionId="fdd2c0e1-6980-4109-9eb2-768d1acc63ed" testId="4ab202e6-81a8-b0d0-566d-21ea39c4e5c8" testName="SuperSee.Tests.ExtraTests.Milestone_Task_BackReference" computerName="YAZGI" duration="00:00:00.0004350" startTime="2026-06-04T21:06:54.6254672+03:00" endTime="2026-06-04T21:06:54.6257984+03:00" testType="13cdc9d9-ddb5-4fa4-a97d-d965ccfc6d4b" outcome="Passed" testListId="8c84fa94-04c1-424b-9868-57a2d4851a1d" relativeResultsDirectory="fdd2c0e1-6980-4109-9eb2-768d1acc63ed" />
    <UnitTestResult executionId="96f2469c-9864-46bd-8646-8f3750b13921" testId="3831d92d-e16d-9fa8-f7d5-a51fb594de41" testName="SuperSee.Tests.CoordinatorServiceTests.AddStudentToTeam_ExceedMaxSize_ThrowsException" computerName="YAZGI" duration="00:00:00.0063701" startTime="2026-06-04T21:06:54.8065672+03:00" endTime="2026-06-04T21:06:54.8125445+03:00" testType="13cdc9d9-ddb5-4fa4-a97d-d965ccfc6d4b" outcome="Passed" testListId="8c84fa94-04c1-424b-9868-57a2d4851a1d" relativeResultsDirectory="96f2469c-9864-46bd-8646-8f3750b13921" />
    <UnitTestResult executionId="57fc0cc8-40ca-4647-b9e0-6673a39e370c" testId="fd2704d4-49a8-1c2e-10e0-f6236cba7e87" testName="SuperSee.Tests.ExtraTests.StudentCapability_Student_Relationship" computerName="YAZGI" duration="00:00:00.0003887" startTime="2026-06-04T21:06:54.6961743+03:00" endTime="2026-06-04T21:06:54.6976003+03:00" testType="13cdc9d9-ddb5-4fa4-a97d-d965ccfc6d4b" outcome="Passed" testListId="8c84fa94-04c1-424b-9868-57a2d4851a1d" relativeResultsDirectory="57fc0cc8-40ca-4647-b9e0-6673a39e370c" />
    <UnitTestResult executionId="6cfa79cb-c84c-42f1-8bfe-3ab869cdc935" testId="9f5f31e4-4e76-9758-ae06-e2f543d65f9f" testName="SuperSee.Tests.ExtraTests.Task_Milestones_Relationship" computerName="YAZGI" duration="00:00:04.4443724" startTime="2026-06-04T21:06:50.0636149+03:00" endTime="2026-06-04T21:06:54.4741667+03:00" testType="13cdc9d9-ddb5-4fa4-a97d-d965ccfc6d4b" outcome="Passed" testListId="8c84fa94-04c1-424b-9868-57a2d4851a1d" relativeResultsDirectory="6cfa79cb-c84c-42f1-8bfe-3ab869cdc935" />
    <UnitTestResult executionId="e3257083-5110-4a6b-8c48-6868dfe74d86" testId="e5341b9a-92cd-5ccf-cb99-379da67d35ca" testName="SuperSee.Tests.CoordinatorServiceTests.CreateTeamWithProject_UnauthorizedUser_ThrowsException" computerName="YAZGI" duration="00:00:00.0029680" startTime="2026-06-04T21:06:54.8630839+03:00" endTime="2026-06-04T21:06:54.8650520+03:00" testType="13cdc9d9-ddb5-4fa4-a97d-d965ccfc6d4b" outcome="Passed" testListId="8c84fa94-04c1-424b-9868-57a2d4851a1d" relativeResultsDirectory="e3257083-5110-4a6b-8c48-6868dfe74d86" />
    <UnitTestResult executionId="c254b59b-6d52-443e-954f-a16e0b162581" testId="ac7987ea-4d97-50e3-348d-f8993623af70" testName="SuperSee.Tests.ExtraTests.Milestone_Properties_Correct" computerName="YAZGI" duration="00:00:00.0006889" startTime="2026-06-04T21:06:54.6919682+03:00" endTime="2026-06-04T21:06:54.6922376+03:00" testType="13cdc9d9-ddb5-4fa4-a97d-d965ccfc6d4b" outcome="Passed" testListId="8c84fa94-04c1-424b-9868-57a2d4851a1d" relativeResultsDirectory="c254b59b-6d52-443e-954f-a16e0b162581" />
    <UnitTestResult executionId="a1f28b70-85bb-4549-8557-2d99c0b9f475" testId="94bb70c5-1798-5075-2207-44da4e4e9459" testName="SuperSee.Tests.ExtraTests.HOD_Initialization" computerName="YAZGI" duration="00:00:00.0006563" startTime="2026-06-04T21:06:54.6894295+03:00" endTime="2026-06-04T21:06:54.6904827+03:00" testType="13cdc9d9-ddb5-4fa4-a97d-d965ccfc6d4b" outcome="Passed" testListId="8c84fa94-04c1-424b-9868-57a2d4851a1d" relativeResultsDirectory="a1f28b70-85bb-4549-8557-2d99c0b9f475" />
    <UnitTestResult executionId="8be8d076-a740-4d9e-a6f4-37882d54f4e1" testId="e27490d7-0db1-2d70-caf2-eff599b74c5d" testName="SuperSee.Tests.IntegrationTests.SupervisorDeletion_CascadeDeletesTeams" computerName="YAZGI" duration="00:00:00.7791481" startTime="2026-06-04T21:06:57.1302234+03:00" endTime="2026-06-04T21:06:57.9095802+03:00" testType="13cdc9d9-ddb5-4fa4-a97d-d965ccfc6d4b" outcome="Passed" testListId="8c84fa94-04c1-424b-9868-57a2d4851a1d" relativeResultsDirectory="8be8d076-a740-4d9e-a6f4-37882d54f4e1" />
    <UnitTestResult executionId="d37554f3-780a-4e9f-8fe8-04c68ff76b1e" testId="7fdc5beb-7e27-1269-eab1-1f3dfbd9267a" testName="SuperSee.Tests.CoordinatorServiceTests.DeleteTeam_NotFound_ThrowsException" computerName="YAZGI" duration="00:00:00.0419849" startTime="2026-06-04T21:06:54.7474856+03:00" endTime="2026-06-04T21:06:54.7890314+03:00" testType="13cdc9d9-ddb5-4fa4-a97d-d965ccfc6d4b" outcome="Passed" testListId="8c84fa94-04c1-424b-9868-57a2d4851a1d" relativeResultsDirectory="d37554f3-780a-4e9f-8fe8-04c68ff76b1e" />
    <UnitTestResult executionId="175d062f-63d0-4b78-9061-f2fbecd87cba" testId="0fb1b045-c78c-14c5-b6fa-d3e08bc0884d" testName="SuperSee.Tests.CoordinatorServiceTests.AddStudentToTeam_Valid_AddsStudent" computerName="YAZGI" duration="00:00:00.0030935" startTime="2026-06-04T21:06:54.8886950+03:00" endTime="2026-06-04T21:06:54.8913224+03:00" testType="13cdc9d9-ddb5-4fa4-a97d-d965ccfc6d4b" outcome="Passed" testListId="8c84fa94-04c1-424b-9868-57a2d4851a1d" relativeResultsDirectory="175d062f-63d0-4b78-9061-f2fbecd87cba" />
    <UnitTestResult executionId="60096add-020f-4080-b7eb-57a00f655c4b" testId="f3dc7073-6d0f-47e2-fb81-ab392fe72bda" testName="SuperSee.Tests.ExtraTests.Task_Initialization_DefaultValues" computerName="YAZGI" duration="00:00:00.0004285" startTime="2026-06-04T21:06:54.7137575+03:00" endTime="2026-06-04T21:06:54.7139795+03:00" testType="13cdc9d9-ddb5-4fa4-a97d-d965ccfc6d4b" outcome="Passed" testListId="8c84fa94-04c1-424b-9868-57a2d4851a1d" relativeResultsDirectory="60096add-020f-4080-b7eb-57a00f655c4b" />
    <UnitTestResult executionId="03e89f73-b10b-4c76-b847-76ed1bf27e62" testId="0d203b69-73cd-592f-a472-0a43be00083d" testName="SuperSee.Tests.CoordinatorServiceTests.CreateTeamWithProject_TooFewMembers_ThrowsException" computerName="YAZGI" duration="00:00:00.0018063" startTime="2026-06-04T21:06:54.8222829+03:00" endTime="2026-06-04T21:06:54.8235229+03:00" testType="13cdc9d9-ddb5-4fa4-a97d-d965ccfc6d4b" outcome="Passed" testListId="8c84fa94-04c1-424b-9868-57a2d4851a1d" relativeResultsDirectory="03e89f73-b10b-4c76-b847-76ed1bf27e62" />
    <UnitTestResult executionId="c4e044d3-b702-484e-9585-5ff5972cab23" testId="0316336d-632f-0352-d0bd-6fa3a0a25c90" testName="SuperSee.Tests.SupervisorServiceTests.GetTeamsForSupervisor_AdminAccess_ReturnsTeams" computerName="YAZGI" duration="00:00:00.0382201" startTime="2026-06-04T21:06:54.6502722+03:00" endTime="2026-06-04T21:06:54.6896501+03:00" testType="13cdc9d9-ddb5-4fa4-a97d-d965ccfc6d4b" outcome="Passed" testListId="8c84fa94-04c1-424b-9868-57a2d4851a1d" relativeResultsDirectory="c4e044d3-b702-484e-9585-5ff5972cab23" />
    <UnitTestResult executionId="d56e752e-8eda-49ed-ad90-1ec573d28bb3" testId="51be60bf-6bb2-2d34-3be2-3ae96491267d" testName="SuperSee.Tests.CoordinatorServiceTests.CreateTeamWithProject_ValidRequest_CreatesTeamAndProject" computerName="YAZGI" duration="00:00:00.1356179" startTime="2026-06-04T21:06:54.6145675+03:00" endTime="2026-06-04T21:06:54.7466073+03:00" testType="13cdc9d9-ddb5-4fa4-a97d-d965ccfc6d4b" outcome="Passed" testListId="8c84fa94-04c1-424b-9868-57a2d4851a1d" relativeResultsDirectory="d56e752e-8eda-49ed-ad90-1ec573d28bb3" />
    <UnitTestResult executionId="be48cc6d-5159-46cb-8f5d-981c90054365" testId="3777715e-0a5f-735e-5b09-fa834f9ae5be" testName="SuperSee.Tests.FileSubmissionTests.FileSubmission_PropertiesSetCorrectly" computerName="YAZGI" duration="00:00:00.0244903" startTime="2026-06-04T21:06:50.0634850+03:00" endTime="2026-06-04T21:06:50.0765732+03:00" testType="13cdc9d9-ddb5-4fa4-a97d-d965ccfc6d4b" outcome="Passed" testListId="8c84fa94-04c1-424b-9868-57a2d4851a1d" relativeResultsDirectory="be48cc6d-5159-46cb-8f5d-981c90054365" />
    <UnitTestResult executionId="829be515-5d87-4490-9818-4bad784575dc" testId="bdcb62ec-44ad-f4ac-6546-0f4b0c491300" testName="SuperSee.Tests.TaskOrderingTests.Task_HasMilestones_Ordered" computerName="YAZGI" duration="00:00:00.0214987" startTime="2026-06-04T21:06:50.0632909+03:00" endTime="2026-06-04T21:06:50.0654796+03:00" testType="13cdc9d9-ddb5-4fa4-a97d-d965ccfc6d4b" outcome="Passed" testListId="8c84fa94-04c1-424b-9868-57a2d4851a1d" relativeResultsDirectory="829be515-5d87-4490-9818-4bad784575dc" />
    <UnitTestResult executionId="dcf3bff4-ad63-4726-bd60-1e215e21c26d" testId="083f3d12-0486-f94c-cdf9-f0023797a2a7" testName="SuperSee.Tests.SupervisorServiceTests.UploadFileSubmission_Late_SetsIsLate" computerName="YAZGI" duration="00:00:00.0177155" startTime="2026-06-04T21:06:54.5298060+03:00" endTime="2026-06-04T21:06:54.5472477+03:00" testType="13cdc9d9-ddb5-4fa4-a97d-d965ccfc6d4b" outcome="Passed" testListId="8c84fa94-04c1-424b-9868-57a2d4851a1d" relativeResultsDirectory="dcf3bff4-ad63-4726-bd60-1e215e21c26d" />
    <UnitTestResult executionId="dc0fc900-0d60-498a-a40b-482ba81f53c9" testId="48cc5b90-cc06-d9f0-d18a-e502545ac2b3" testName="SuperSee.Tests.ExtraTests.Task_Properties_Correct" computerName="YAZGI" duration="00:00:00.0023803" startTime="2026-06-04T21:06:54.5576945+03:00" endTime="2026-06-04T21:06:54.5591358+03:00" testType="13cdc9d9-ddb5-4fa4-a97d-d965ccfc6d4b" outcome="Passed" testListId="8c84fa94-04c1-424b-9868-57a2d4851a1d" relativeResultsDirectory="dc0fc900-0d60-498a-a40b-482ba81f53c9" />
    <UnitTestResult executionId="2820a28d-6815-491e-a986-c87b99b8f48d" testId="6cddb377-1331-e007-6cd1-61adfb12bb21" testName="SuperSee.Tests.TaskOrderingTests.Milestone_HasOrderField" computerName="YAZGI" duration="00:00:00.0052313" startTime="2026-06-04T21:06:50.1241171+03:00" endTime="2026-06-04T21:06:50.1243191+03:00" testType="13cdc9d9-ddb5-4fa4-a97d-d965ccfc6d4b" outcome="Passed" testListId="8c84fa94-04c1-424b-9868-57a2d4851a1d" relativeResultsDirectory="2820a28d-6815-491e-a986-c87b99b8f48d" />
    <UnitTestResult executionId="0e91892b-157f-4cdb-8cfd-63c47cd4172d" testId="09b8b349-e06e-6d2b-ac3b-52b5037873a8" testName="SuperSee.Tests.TeamsControllerTests.CreateTeam_InvalidRequest_ReturnsBadRequest" computerName="YAZGI" duration="00:00:00.0030572" startTime="2026-06-04T21:06:54.5366206+03:00" endTime="2026-06-04T21:06:54.5399023+03:00" testType="13cdc9d9-ddb5-4fa4-a97d-d965ccfc6d4b" outcome="Passed" testListId="8c84fa94-04c1-424b-9868-57a2d4851a1d" relativeResultsDirectory="0e91892b-157f-4cdb-8cfd-63c47cd4172d" />
    <UnitTestResult executionId="6fd42aa3-8ea7-4f4b-a1ef-abc686f795d2" testId="320e430d-5bc6-f92d-9e4f-ec6d0c690bbe" testName="SuperSee.Tests.SupervisorServiceTests.AddCommentToFileSubmission_SubmissionNotFound_ThrowsException" computerName="YAZGI" duration="00:00:04.4009343" startTime="2026-06-04T21:06:50.0635836+03:00" endTime="2026-06-04T21:06:54.4008672+03:00" testType="13cdc9d9-ddb5-4fa4-a97d-d965ccfc6d4b" outcome="Passed" testListId="8c84fa94-04c1-424b-9868-57a2d4851a1d" relativeResultsDirectory="6fd42aa3-8ea7-4f4b-a1ef-abc686f795d2" />
    <UnitTestResult executionId="b98f1a55-56b0-499d-9758-34137a42bc88" testId="227de8a2-54d0-74f4-9638-578d50b86dd6" testName="SuperSee.Tests.MessagingTests.Message_PropertiesSetCorrectly" computerName="YAZGI" duration="00:00:00.0095019" startTime="2026-06-04T21:06:54.5130081+03:00" endTime="2026-06-04T21:06:54.5133680+03:00" testType="13cdc9d9-ddb5-4fa4-a97d-d965ccfc6d4b" outcome="Passed" testListId="8c84fa94-04c1-424b-9868-57a2d4851a1d" relativeResultsDirectory="b98f1a55-56b0-499d-9758-34137a42bc88" />
    <UnitTestResult executionId="6cde09ac-84d4-4d6f-a9c0-d54e7b01ff91" testId="b0f3801b-8d87-b744-4507-894800aab9b3" testName="SuperSee.Tests.CoordinatorServiceTests.RemoveStudentFromTeam_BelowMinSize_ThrowsException" computerName="YAZGI" duration="00:00:00.0049498" startTime="2026-06-04T21:06:54.6070349+03:00" endTime="2026-06-04T21:06:54.6106055+03:00" testType="13cdc9d9-ddb5-4fa4-a97d-d965ccfc6d4b" outcome="Passed" testListId="8c84fa94-04c1-424b-9868-57a2d4851a1d" relativeResultsDirectory="6cde09ac-84d4-4d6f-a9c0-d54e7b01ff91" />
    <UnitTestResult executionId="89b025d5-4f6b-4a5b-8f1f-a24992ebe09f" testId="596f66f8-a338-f5e0-766d-a1921aaaa9b5" testName="SuperSee.Tests.ExtraTests.Supervisor_Properties_Correct" computerName="YAZGI" duration="00:00:00.0003395" startTime="2026-06-04T21:06:54.7128583+03:00" endTime="2026-06-04T21:06:54.7131220+03:00" testType="13cdc9d9-ddb5-4fa4-a97d-d965ccfc6d4b" outcome="Passed" testListId="8c84fa94-04c1-424b-9868-57a2d4851a1d" relativeResultsDirectory="89b025d5-4f6b-4a5b-8f1f-a24992ebe09f" />
    <UnitTestResult executionId="b7b1b0c5-ba04-41a8-9351-89f94b33a2d6" testId="836a478f-c663-86a4-6dff-4396dc188ad7" testName="SuperSee.Tests.SupervisorServiceTests.AcceptAssignment_UnauthorizedUser_ThrowsException" computerName="YAZGI" duration="00:00:00.0040829" startTime="2026-06-04T21:06:54.6973192+03:00" endTime="2026-06-04T21:06:54.6984879+03:00" testType="13cdc9d9-ddb5-4fa4-a97d-d965ccfc6d4b" outcome="Passed" testListId="8c84fa94-04c1-424b-9868-57a2d4851a1d" relativeResultsDirectory="b7b1b0c5-ba04-41a8-9351-89f94b33a2d6" />
  </Results>
  <TestDefinitions>
    <UnitTest name="SuperSee.Tests.IntegrationTests.SupervisorDeletion_CascadeDeletesTeams" storage="c:\users\hamzah\downloads\the_final_project\program1.0\111333\ss\ss\the_code\gpp\graduation-projecs-portal\supersee.tests\bin\debug\net8.0\supersee.tests.dll" id="e27490d7-0db1-2d70-caf2-eff599b74c5d">
      <Execution id="8be8d076-a740-4d9e-a6f4-37882d54f4e1" />
      <TestMethod codeBase="C:\Users\Hamzah\Downloads\The_Final_Project\Program1.0\111333\SS\SS\The_Code\GPP\Graduation-Projecs-Portal\SuperSee.Tests\bin\Debug\net8.0\SuperSee.Tests.dll" adapterTypeName="executor://xunit/VsTestRunner3/netcore/" className="SuperSee.Tests.IntegrationTests" name="SupervisorDeletion_CascadeDeletesTeams" />
    </UnitTest>
    <UnitTest name="SuperSee.Tests.CoordinatorServiceTests.AddStudentToTeam_ExceedMaxSize_ThrowsException" storage="c:\users\hamzah\downloads\the_final_project\program1.0\111333\ss\ss\the_code\gpp\graduation-projecs-portal\supersee.tests\bin\debug\net8.0\supersee.tests.dll" id="3831d92d-e16d-9fa8-f7d5-a51fb594de41">
      <Execution id="96f2469c-9864-46bd-8646-8f3750b13921" />
      <TestMethod codeBase="C:\Users\Hamzah\Downloads\The_Final_Project\Program1.0\111333\SS\SS\The_Code\GPP\Graduation-Projecs-Portal\SuperSee.Tests\bin\Debug\net8.0\SuperSee.Tests.dll" adapterTypeName="executor://xunit/VsTestRunner3/netcore/" className="SuperSee.Tests.CoordinatorServiceTests" name="AddStudentToTeam_ExceedMaxSize_ThrowsException" />
    </UnitTest>
    <UnitTest name="SuperSee.Tests.StudentsControllerTests.GetAllStudents_ReturnsAllStudentsAsDtos" storage="c:\users\hamzah\downloads\the_final_project\program1.0\111333\ss\ss\the_code\gpp\graduation-projecs-portal\supersee.tests\bin\debug\net8.0\supersee.tests.dll" id="b38ba59b-841f-6fe2-817f-dfda9a5b3452">
      <Execution id="57daed2f-2799-4c1d-9c3e-6888eaf7a17a" />
      <TestMethod codeBase="C:\Users\Hamzah\Downloads\The_Final_Project\Program1.0\111333\SS\SS\The_Code\GPP\Graduation-Projecs-Portal\SuperSee.Tests\bin\Debug\net8.0\SuperSee.Tests.dll" adapterTypeName="executor://xunit/VsTestRunner3/netcore/" className="SuperSee.Tests.StudentsControllerTests" name="GetAllStudents_ReturnsAllStudentsAsDtos" />
    </UnitTest>
    <UnitTest name="SuperSee.Tests.ExtraTests.TeamDto_Mapping" storage="c:\users\hamzah\downloads\the_final_project\program1.0\111333\ss\ss\the_code\gpp\graduation-projecs-portal\supersee.tests\bin\debug\net8.0\supersee.tests.dll" id="48ca4a2b-f344-444d-06e7-bccd50a1eac6">
      <Execution id="18203d4d-ce5d-4ab7-8b84-4c313aab56cb" />
      <TestMethod codeBase="C:\Users\Hamzah\Downloads\The_Final_Project\Program1.0\111333\SS\SS\The_Code\GPP\Graduation-Projecs-Portal\SuperSee.Tests\bin\Debug\net8.0\SuperSee.Tests.dll" adapterTypeName="executor://xunit/VsTestRunner3/netcore/" className="SuperSee.Tests.ExtraTests" name="TeamDto_Mapping" />
    </UnitTest>
    <UnitTest name="SuperSee.Tests.ExtraTests.TeamInvitation_Status_Enum_Values" storage="c:\users\hamzah\downloads\the_final_project\program1.0\111333\ss\ss\the_code\gpp\graduation-projecs-portal\supersee.tests\bin\debug\net8.0\supersee.tests.dll" id="2b8f3349-5a38-2a54-a539-f100861cffce">
      <Execution id="b2b04122-2254-49a9-ae0b-ba5a880325a3" />
      <TestMethod codeBase="C:\Users\Hamzah\Downloads\The_Final_Project\Program1.0\111333\SS\SS\The_Code\GPP\Graduation-Projecs-Portal\SuperSee.Tests\bin\Debug\net8.0\SuperSee.Tests.dll" adapterTypeName="executor://xunit/VsTestRunner3/netcore/" className="SuperSee.Tests.ExtraTests" name="TeamInvitation_Status_Enum_Values" />
    </UnitTest>
    <UnitTest name="SuperSee.Tests.CoordinatorServiceTests.CreateTeamWithProject_ValidRequest_CreatesTeamAndProject" storage="c:\users\hamzah\downloads\the_final_project\program1.0\111333\ss\ss\the_code\gpp\graduation-projecs-portal\supersee.tests\bin\debug\net8.0\supersee.tests.dll" id="51be60bf-6bb2-2d34-3be2-3ae96491267d">
      <Execution id="d56e752e-8eda-49ed-ad90-1ec573d28bb3" />
      <TestMethod codeBase="C:\Users\Hamzah\Downloads\The_Final_Project\Program1.0\111333\SS\SS\The_Code\GPP\Graduation-Projecs-Portal\SuperSee.Tests\bin\Debug\net8.0\SuperSee.Tests.dll" adapterTypeName="executor://xunit/VsTestRunner3/netcore/" className="SuperSee.Tests.CoordinatorServiceTests" name="CreateTeamWithProject_ValidRequest_CreatesTeamAndProject" />
    </UnitTest>
    <UnitTest name="SuperSee.Tests.ExtraTests.AcceptAssignment_AlreadyRefused_ThrowsException" storage="c:\users\hamzah\downloads\the_final_project\program1.0\111333\ss\ss\the_code\gpp\graduation-projecs-portal\supersee.tests\bin\debug\net8.0\supersee.tests.dll" id="2be3d88b-2c1e-fa72-5e52-1d705e8c4318">
      <Execution id="a6af102b-bb7f-4aed-a8bc-a72ed8c0a2c2" />
      <TestMethod codeBase="C:\Users\Hamzah\Downloads\The_Final_Project\Program1.0\111333\SS\SS\The_Code\GPP\Graduation-Projecs-Portal\SuperSee.Tests\bin\Debug\net8.0\SuperSee.Tests.dll" adapterTypeName="executor://xunit/VsTestRunner3/netcore/" className="SuperSee.Tests.ExtraTests" name="AcceptAssignment_AlreadyRefused_ThrowsException" />
    </UnitTest>
    <UnitTest name="SuperSee.Tests.TeamsControllerTests.CreateTeam_ValidRequest_ReturnsCreatedTeam" storage="c:\users\hamzah\downloads\the_final_project\program1.0\111333\ss\ss\the_code\gpp\graduation-projecs-portal\supersee.tests\bin\debug\net8.0\supersee.tests.dll" id="4f9828fc-f366-ea45-ae4a-f9a9452548a8">
      <Execution id="2ea7aa93-ffad-4e30-91c8-4bfd4012f2a1" />
      <TestMethod codeBase="C:\Users\Hamzah\Downloads\The_Final_Project\Program1.0\111333\SS\SS\The_Code\GPP\Graduation-Projecs-Portal\SuperSee.Tests\bin\Debug\net8.0\SuperSee.Tests.dll" adapterTypeName="executor://xunit/VsTestRunner3/netcore/" className="SuperSee.Tests.TeamsControllerTests" name="CreateTeam_ValidRequest_ReturnsCreatedTeam" />
    </UnitTest>
    <UnitTest name="SuperSee.Tests.ExtraTests.CreateTeamWithProject_DuplicateName_RefusedIncluded_ThrowsException" storage="c:\users\hamzah\downloads\the_final_project\program1.0\111333\ss\ss\the_code\gpp\graduation-projecs-portal\supersee.tests\bin\debug\net8.0\supersee.tests.dll" id="5e87e34a-9c42-9669-2fc7-eaa4acdff527">
      <Execution id="77c3100a-9307-491f-8761-01c026ca7599" />
      <TestMethod codeBase="C:\Users\Hamzah\Downloads\The_Final_Project\Program1.0\111333\SS\SS\The_Code\GPP\Graduation-Projecs-Portal\SuperSee.Tests\bin\Debug\net8.0\SuperSee.Tests.dll" adapterTypeName="executor://xunit/VsTestRunner3/netcore/" className="SuperSee.Tests.ExtraTests" name="CreateTeamWithProject_DuplicateName_RefusedIncluded_ThrowsException" />
    </UnitTest>
    <UnitTest name="SuperSee.Tests.CoordinatorServiceTests.AddStudentToTeam_StudentNotFound_ThrowsException" storage="c:\users\hamzah\downloads\the_final_project\program1.0\111333\ss\ss\the_code\gpp\graduation-projecs-portal\supersee.tests\bin\debug\net8.0\supersee.tests.dll" id="7f965994-54ca-05c7-4bdc-143290378c6f">
      <Execution id="bc6a07b7-cf2e-4b6b-8f17-938d590eae6d" />
      <TestMethod codeBase="C:\Users\Hamzah\Downloads\The_Final_Project\Program1.0\111333\SS\SS\The_Code\GPP\Graduation-Projecs-Portal\SuperSee.Tests\bin\Debug\net8.0\SuperSee.Tests.dll" adapterTypeName="executor://xunit/VsTestRunner3/netcore/" className="SuperSee.Tests.CoordinatorServiceTests" name="AddStudentToTeam_StudentNotFound_ThrowsException" />
    </UnitTest>
    <UnitTest name="SuperSee.Tests.SupervisorServiceTests.AddCommentToFileSubmission_SubmissionNotFound_ThrowsException" storage="c:\users\hamzah\downloads\the_final_project\program1.0\111333\ss\ss\the_code\gpp\graduation-projecs-portal\supersee.tests\bin\debug\net8.0\supersee.tests.dll" id="320e430d-5bc6-f92d-9e4f-ec6d0c690bbe">
      <Execution id="6fd42aa3-8ea7-4f4b-a1ef-abc686f795d2" />
      <TestMethod codeBase="C:\Users\Hamzah\Downloads\The_Final_Project\Program1.0\111333\SS\SS\The_Code\GPP\Graduation-Projecs-Portal\SuperSee.Tests\bin\Debug\net8.0\SuperSee.Tests.dll" adapterTypeName="executor://xunit/VsTestRunner3/netcore/" className="SuperSee.Tests.SupervisorServiceTests" name="AddCommentToFileSubmission_SubmissionNotFound_ThrowsException" />
    </UnitTest>
    <UnitTest name="SuperSee.Tests.SupervisorServiceTests.UploadFileSubmission_Valid_CreatesSubmission" storage="c:\users\hamzah\downloads\the_final_project\program1.0\111333\ss\ss\the_code\gpp\graduation-projecs-portal\supersee.tests\bin\debug\net8.0\supersee.tests.dll" id="9d91d651-14f4-f2b9-98da-cb93a9e77e94">
      <Execution id="d6e4d7b1-1eb8-40ec-bb17-7e9645e99cc1" />
      <TestMethod codeBase="C:\Users\Hamzah\Downloads\The_Final_Project\Program1.0\111333\SS\SS\The_Code\GPP\Graduation-Projecs-Portal\SuperSee.Tests\bin\Debug\net8.0\SuperSee.Tests.dll" adapterTypeName="executor://xunit/VsTestRunner3/netcore/" className="SuperSee.Tests.SupervisorServiceTests" name="UploadFileSubmission_Valid_CreatesSubmission" />
    </UnitTest>
    <UnitTest name="SuperSee.Tests.SupervisorServiceTests.GetTeamsForSupervisor_OwnTeams_ReturnsTeams" storage="c:\users\hamzah\downloads\the_final_project\program1.0\111333\ss\ss\the_code\gpp\graduation-projecs-portal\supersee.tests\bin\debug\net8.0\supersee.tests.dll" id="f11c650c-752e-f82d-cce9-d59d71bfa370">
      <Execution id="350d3c5d-a36b-40fb-8568-fcc98d531681" />
      <TestMethod codeBase="C:\Users\Hamzah\Downloads\The_Final_Project\Program1.0\111333\SS\SS\The_Code\GPP\Graduation-Projecs-Portal\SuperSee.Tests\bin\Debug\net8.0\SuperSee.Tests.dll" adapterTypeName="executor://xunit/VsTestRunner3/netcore/" className="SuperSee.Tests.SupervisorServiceTests" name="GetTeamsForSupervisor_OwnTeams_ReturnsTeams" />
    </UnitTest>
    <UnitTest name="SuperSee.Tests.ExtraTests.AssignmentStatus_Enum_Values" storage="c:\users\hamzah\downloads\the_final_project\program1.0\111333\ss\ss\the_code\gpp\graduation-projecs-portal\supersee.tests\bin\debug\net8.0\supersee.tests.dll" id="f3c52920-40f2-1ee4-c7a5-01ed5050ca8e">
      <Execution id="63aa5f85-eba6-481b-a5ba-c3e94da9f400" />
      <TestMethod codeBase="C:\Users\Hamzah\Downloads\The_Final_Project\Program1.0\111333\SS\SS\The_Code\GPP\Graduation-Projecs-Portal\SuperSee.Tests\bin\Debug\net8.0\SuperSee.Tests.dll" adapterTypeName="executor://xunit/VsTestRunner3/netcore/" className="SuperSee.Tests.ExtraTests" name="AssignmentStatus_Enum_Values" />
    </UnitTest>
    <UnitTest name="SuperSee.Tests.SupervisorServiceTests.GetFileSubmission_NotFound_ThrowsException" storage="c:\users\hamzah\downloads\the_final_project\program1.0\111333\ss\ss\the_code\gpp\graduation-projecs-portal\supersee.tests\bin\debug\net8.0\supersee.tests.dll" id="ab5996d6-d3bc-1fca-7278-ee68e9315003">
      <Execution id="2e16e845-9871-4dff-a4b0-2ef55729e98e" />
      <TestMethod codeBase="C:\Users\Hamzah\Downloads\The_Final_Project\Program1.0\111333\SS\SS\The_Code\GPP\Graduation-Projecs-Portal\SuperSee.Tests\bin\Debug\net8.0\SuperSee.Tests.dll" adapterTypeName="executor://xunit/VsTestRunner3/netcore/" className="SuperSee.Tests.SupervisorServiceTests" name="GetFileSubmission_NotFound_ThrowsException" />
    </UnitTest>
    <UnitTest name="SuperSee.Tests.CoordinatorServiceTests.SwapMembersBetweenTeams_ValidRequest_SwapsMembers" storage="c:\users\hamzah\downloads\the_final_project\program1.0\111333\ss\ss\the_code\gpp\graduation-projecs-portal\supersee.tests\bin\debug\net8.0\supersee.tests.dll" id="23acfb2a-9be9-b272-4d74-7d50b1437113">
      <Execution id="de7b0619-57e2-4581-a28f-60e7a7d85f39" />
      <TestMethod codeBase="C:\Users\Hamzah\Downloads\The_Final_Project\Program1.0\111333\SS\SS\The_Code\GPP\Graduation-Projecs-Portal\SuperSee.Tests\bin\Debug\net8.0\SuperSee.Tests.dll" adapterTypeName="executor://xunit/VsTestRunner3/netcore/" className="SuperSee.Tests.CoordinatorServiceTests" name="SwapMembersBetweenTeams_ValidRequest_SwapsMembers" />
    </UnitTest>
    <UnitTest name="SuperSee.Tests.ExtraTests.Team_Supervisor_Relationship" storage="c:\users\hamzah\downloads\the_final_project\program1.0\111333\ss\ss\the_code\gpp\graduation-projecs-portal\supersee.tests\bin\debug\net8.0\supersee.tests.dll" id="26304a9d-0218-bd5f-6d64-d56d39062c99">
      <Execution id="4746366b-7c8f-4997-ba36-7fe79a79dd58" />
      <TestMethod codeBase="C:\Users\Hamzah\Downloads\The_Final_Project\Program1.0\111333\SS\SS\The_Code\GPP\Graduation-Projecs-Portal\SuperSee.Tests\bin\Debug\net8.0\SuperSee.Tests.dll" adapterTypeName="executor://xunit/VsTestRunner3/netcore/" className="SuperSee.Tests.ExtraTests" name="Team_Supervisor_Relationship" />
    </UnitTest>
    <UnitTest name="SuperSee.Tests.SupervisorServiceTests.UploadFileSubmission_TeamNotFound_ThrowsException" storage="c:\users\hamzah\downloads\the_final_project\program1.0\111333\ss\ss\the_code\gpp\graduation-projecs-portal\supersee.tests\bin\debug\net8.0\supersee.tests.dll" id="68ac8a71-2db5-6d6c-05bd-7440ba32048c">
      <Execution id="6e615ea3-3256-4690-9032-e2936fbc9c68" />
      <TestMethod codeBase="C:\Users\Hamzah\Downloads\The_Final_Project\Program1.0\111333\SS\SS\The_Code\GPP\Graduation-Projecs-Portal\SuperSee.Tests\bin\Debug\net8.0\SuperSee.Tests.dll" adapterTypeName="executor://xunit/VsTestRunner3/netcore/" className="SuperSee.Tests.SupervisorServiceTests" name="UploadFileSubmission_TeamNotFound_ThrowsException" />
    </UnitTest>
    <UnitTest name="SuperSee.Tests.ExtraTests.Student_Capability_Relationship" storage="c:\users\hamzah\downloads\the_final_project\program1.0\111333\ss\ss\the_code\gpp\graduation-projecs-portal\supersee.tests\bin\debug\net8.0\supersee.tests.dll" id="200e0890-26eb-24bc-c609-690c85489958">
      <Execution id="10a2df94-afdd-4b2c-b3b2-a838076f9a50" />
      <TestMethod codeBase="C:\Users\Hamzah\Downloads\The_Final_Project\Program1.0\111333\SS\SS\The_Code\GPP\Graduation-Projecs-Portal\SuperSee.Tests\bin\Debug\net8.0\SuperSee.Tests.dll" adapterTypeName="executor://xunit/VsTestRunner3/netcore/" className="SuperSee.Tests.ExtraTests" name="Student_Capability_Relationship" />
    </UnitTest>
    <UnitTest name="SuperSee.Tests.SupervisorServiceTests.AcceptAssignment_StudentRole_ThrowsException" storage="c:\users\hamzah\downloads\the_final_project\program1.0\111333\ss\ss\the_code\gpp\graduation-projecs-portal\supersee.tests\bin\debug\net8.0\supersee.tests.dll" id="18edd936-7098-26a7-ce46-be8c6274dd48">
      <Execution id="392047a7-8f48-494a-833e-cb47a6bc5530" />
      <TestMethod codeBase="C:\Users\Hamzah\Downloads\The_Final_Project\Program1.0\111333\SS\SS\The_Code\GPP\Graduation-Projecs-Portal\SuperSee.Tests\bin\Debug\net8.0\SuperSee.Tests.dll" adapterTypeName="executor://xunit/VsTestRunner3/netcore/" className="SuperSee.Tests.SupervisorServiceTests" name="AcceptAssignment_StudentRole_ThrowsException" />
    </UnitTest>
    <UnitTest name="SuperSee.Tests.SupervisorServiceTests.GetTeamsForSupervisor_SupervisorNotFound_ReturnsEmptyList" storage="c:\users\hamzah\downloads\the_final_project\program1.0\111333\ss\ss\the_code\gpp\graduation-projecs-portal\supersee.tests\bin\debug\net8.0\supersee.tests.dll" id="35f43a9e-c483-bc51-f366-8a3b34c91bff">
      <Execution id="c86d8172-c00a-4def-a590-6cab0a6b8ba9" />
      <TestMethod codeBase="C:\Users\Hamzah\Downloads\The_Final_Project\Program1.0\111333\SS\SS\The_Code\GPP\Graduation-Projecs-Portal\SuperSee.Tests\bin\Debug\net8.0\SuperSee.Tests.dll" adapterTypeName="executor://xunit/VsTestRunner3/netcore/" className="SuperSee.Tests.SupervisorServiceTests" name="GetTeamsForSupervisor_SupervisorNotFound_ReturnsEmptyList" />
    </UnitTest>
    <UnitTest name="SuperSee.Tests.ExtraTests.FileComment_Properties" storage="c:\users\hamzah\downloads\the_final_project\program1.0\111333\ss\ss\the_code\gpp\graduation-projecs-portal\supersee.tests\bin\debug\net8.0\supersee.tests.dll" id="827367c5-7a0b-bdf8-0d1d-2d2da25ae85d">
      <Execution id="1a737e14-89bf-48c7-b163-5b7522bbbc74" />
      <TestMethod codeBase="C:\Users\Hamzah\Downloads\The_Final_Project\Program1.0\111333\SS\SS\The_Code\GPP\Graduation-Projecs-Portal\SuperSee.Tests\bin\Debug\net8.0\SuperSee.Tests.dll" adapterTypeName="executor://xunit/VsTestRunner3/netcore/" className="SuperSee.Tests.ExtraTests" name="FileComment_Properties" />
    </UnitTest>
    <UnitTest name="SuperSee.Tests.NotificationTests.SaveNotification_ToDatabase_Works" storage="c:\users\hamzah\downloads\the_final_project\program1.0\111333\ss\ss\the_code\gpp\graduation-projecs-portal\supersee.tests\bin\debug\net8.0\supersee.tests.dll" id="c52ae667-99ca-8a37-8079-5b386f0fe346">
      <Execution id="24f667e2-c5ed-4ea6-af45-e820a67cf9d9" />
      <TestMethod codeBase="C:\Users\Hamzah\Downloads\The_Final_Project\Program1.0\111333\SS\SS\The_Code\GPP\Graduation-Projecs-Portal\SuperSee.Tests\bin\Debug\net8.0\SuperSee.Tests.dll" adapterTypeName="executor://xunit/VsTestRunner3/netcore/" className="SuperSee.Tests.NotificationTests" name="SaveNotification_ToDatabase_Works" />
    </UnitTest>
    <UnitTest name="SuperSee.Tests.SupervisorServiceTests.UploadFileSubmission_Late_SetsIsLate" storage="c:\users\hamzah\downloads\the_final_project\program1.0\111333\ss\ss\the_code\gpp\graduation-projecs-portal\supersee.tests\bin\debug\net8.0\supersee.tests.dll" id="083f3d12-0486-f94c-cdf9-f0023797a2a7">
      <Execution id="dcf3bff4-ad63-4726-bd60-1e215e21c26d" />
      <TestMethod codeBase="C:\Users\Hamzah\Downloads\The_Final_Project\Program1.0\111333\SS\SS\The_Code\GPP\Graduation-Projecs-Portal\SuperSee.Tests\bin\Debug\net8.0\SuperSee.Tests.dll" adapterTypeName="executor://xunit/VsTestRunner3/netcore/" className="SuperSee.Tests.SupervisorServiceTests" name="UploadFileSubmission_Late_SetsIsLate" />
    </UnitTest>
    <UnitTest name="SuperSee.Tests.ExtraTests.HOD_Initialization" storage="c:\users\hamzah\downloads\the_final_project\program1.0\111333\ss\ss\the_code\gpp\graduation-projecs-portal\supersee.tests\bin\debug\net8.0\supersee.tests.dll" id="94bb70c5-1798-5075-2207-44da4e4e9459">
      <Execution id="a1f28b70-85bb-4549-8557-2d99c0b9f475" />
      <TestMethod codeBase="C:\Users\Hamzah\Downloads\The_Final_Project\Program1.0\111333\SS\SS\The_Code\GPP\Graduation-Projecs-Portal\SuperSee.Tests\bin\Debug\net8.0\SuperSee.Tests.dll" adapterTypeName="executor://xunit/VsTestRunner3/netcore/" className="SuperSee.Tests.ExtraTests" name="HOD_Initialization" />
    </UnitTest>
    <UnitTest name="SuperSee.Tests.ExtraTests.Task_Initialization_DefaultValues" storage="c:\users\hamzah\downloads\the_final_project\program1.0\111333\ss\ss\the_code\gpp\graduation-projecs-portal\supersee.tests\bin\debug\net8.0\supersee.tests.dll" id="f3dc7073-6d0f-47e2-fb81-ab392fe72bda">
      <Execution id="60096add-020f-4080-b7eb-57a00f655c4b" />
      <TestMethod codeBase="C:\Users\Hamzah\Downloads\The_Final_Project\Program1.0\111333\SS\SS\The_Code\GPP\Graduation-Projecs-Portal\SuperSee.Tests\bin\Debug\net8.0\SuperSee.Tests.dll" adapterTypeName="executor://xunit/VsTestRunner3/netcore/" className="SuperSee.Tests.ExtraTests" name="Task_Initialization_DefaultValues" />
    </UnitTest>
    <UnitTest name="SuperSee.Tests.FileSubmissionTests.FileComment_Relationship_Works" storage="c:\users\hamzah\downloads\the_final_project\program1.0\111333\ss\ss\the_code\gpp\graduation-projecs-portal\supersee.tests\bin\debug\net8.0\supersee.tests.dll" id="208f7fd2-941e-765e-e980-955bb49955e5">
      <Execution id="ecfacfb4-5c7f-457d-88f2-d6dbef33b07c" />
      <TestMethod codeBase="C:\Users\Hamzah\Downloads\The_Final_Project\Program1.0\111333\SS\SS\The_Code\GPP\Graduation-Projecs-Portal\SuperSee.Tests\bin\Debug\net8.0\SuperSee.Tests.dll" adapterTypeName="executor://xunit/VsTestRunner3/netcore/" className="SuperSee.Tests.FileSubmissionTests" name="FileComment_Relationship_Works" />
    </UnitTest>
    <UnitTest name="SuperSee.Tests.ExtraTests.StudentDto_Mapping" storage="c:\users\hamzah\downloads\the_final_project\program1.0\111333\ss\ss\the_code\gpp\graduation-projecs-portal\supersee.tests\bin\debug\net8.0\supersee.tests.dll" id="3808002d-d394-80fd-d511-49512787ae16">
      <Execution id="319f83d5-d87d-4345-bed7-73c37c5860a2" />
      <TestMethod codeBase="C:\Users\Hamzah\Downloads\The_Final_Project\Program1.0\111333\SS\SS\The_Code\GPP\Graduation-Projecs-Portal\SuperSee.Tests\bin\Debug\net8.0\SuperSee.Tests.dll" adapterTypeName="executor://xunit/VsTestRunner3/netcore/" className="SuperSee.Tests.ExtraTests" name="StudentDto_Mapping" />
    </UnitTest>
    <UnitTest name="SuperSee.Tests.ExtraTests.SwapMembers_DifferentSupervisor_Works" storage="c:\users\hamzah\downloads\the_final_project\program1.0\111333\ss\ss\the_code\gpp\graduation-projecs-portal\supersee.tests\bin\debug\net8.0\supersee.tests.dll" id="4f5de6ee-619c-a12d-3efa-8acc53dfef18">
      <Execution id="112ba057-1df3-4877-8801-66dcdadea972" />
      <TestMethod codeBase="C:\Users\Hamzah\Downloads\The_Final_Project\Program1.0\111333\SS\SS\The_Code\GPP\Graduation-Projecs-Portal\SuperSee.Tests\bin\Debug\net8.0\SuperSee.Tests.dll" adapterTypeName="executor://xunit/VsTestRunner3/netcore/" className="SuperSee.Tests.ExtraTests" name="SwapMembers_DifferentSupervisor_Works" />
    </UnitTest>
    <UnitTest name="SuperSee.Tests.MessagingTests.SaveMessage_ToDatabase_Works" storage="c:\users\hamzah\downloads\the_final_project\program1.0\111333\ss\ss\the_code\gpp\graduation-projecs-portal\supersee.tests\bin\debug\net8.0\supersee.tests.dll" id="e67843f9-c4ca-6300-566a-0c5204c6fee9">
      <Execution id="4abc30aa-9d31-4bdf-a906-f6abe34daaeb" />
      <TestMethod codeBase="C:\Users\Hamzah\Downloads\The_Final_Project\Program1.0\111333\SS\SS\The_Code\GPP\Graduation-Projecs-Portal\SuperSee.Tests\bin\Debug\net8.0\SuperSee.Tests.dll" adapterTypeName="executor://xunit/VsTestRunner3/netcore/" className="SuperSee.Tests.MessagingTests" name="SaveMessage_ToDatabase_Works" />
    </UnitTest>
    <UnitTest name="SuperSee.Tests.CoordinatorServiceTests.AssignSupervisorToTeam_Valid_UpdatesSupervisor" storage="c:\users\hamzah\downloads\the_final_project\program1.0\111333\ss\ss\the_code\gpp\graduation-projecs-portal\supersee.tests\bin\debug\net8.0\supersee.tests.dll" id="4a815750-e078-2246-4255-dc459844db9f">
      <Execution id="05e5c6d7-2b25-489a-95f4-c298b2127f7e" />
      <TestMethod codeBase="C:\Users\Hamzah\Downloads\The_Final_Project\Program1.0\111333\SS\SS\The_Code\GPP\Graduation-Projecs-Portal\SuperSee.Tests\bin\Debug\net8.0\SuperSee.Tests.dll" adapterTypeName="executor://xunit/VsTestRunner3/netcore/" className="SuperSee.Tests.CoordinatorServiceTests" name="AssignSupervisorToTeam_Valid_UpdatesSupervisor" />
    </UnitTest>
    <UnitTest name="SuperSee.Tests.ExtraTests.Coordinator_Initialization" storage="c:\users\hamzah\downloads\the_final_project\program1.0\111333\ss\ss\the_code\gpp\graduation-projecs-portal\supersee.tests\bin\debug\net8.0\supersee.tests.dll" id="0ad8957f-ded9-fc21-6b9e-b4a0642f2362">
      <Execution id="90d1463c-596e-4c82-9d30-768a741f8e95" />
      <TestMethod codeBase="C:\Users\Hamzah\Downloads\The_Final_Project\Program1.0\111333\SS\SS\The_Code\GPP\Graduation-Projecs-Portal\SuperSee.Tests\bin\Debug\net8.0\SuperSee.Tests.dll" adapterTypeName="executor://xunit/VsTestRunner3/netcore/" className="SuperSee.Tests.ExtraTests" name="Coordinator_Initialization" />
    </UnitTest>
    <UnitTest name="SuperSee.Tests.SupervisorServiceTests.GetTeamsForSupervisor_OtherSupervisorTeams_ThrowsUnauthorized" storage="c:\users\hamzah\downloads\the_final_project\program1.0\111333\ss\ss\the_code\gpp\graduation-projecs-portal\supersee.tests\bin\debug\net8.0\supersee.tests.dll" id="c1c2c356-f824-0df5-8103-5d033533270f">
      <Execution id="62d98d1c-f04b-4888-a60e-a33feb9fd980" />
      <TestMethod codeBase="C:\Users\Hamzah\Downloads\The_Final_Project\Program1.0\111333\SS\SS\The_Code\GPP\Graduation-Projecs-Portal\SuperSee.Tests\bin\Debug\net8.0\SuperSee.Tests.dll" adapterTypeName="executor://xunit/VsTestRunner3/netcore/" className="SuperSee.Tests.SupervisorServiceTests" name="GetTeamsForSupervisor_OtherSupervisorTeams_ThrowsUnauthorized" />
    </UnitTest>
    <UnitTest name="SuperSee.Tests.ExtraTests.Project_Status_Change" storage="c:\users\hamzah\downloads\the_final_project\program1.0\111333\ss\ss\the_code\gpp\graduation-projecs-portal\supersee.tests\bin\debug\net8.0\supersee.tests.dll" id="d284b23e-aaaa-8b9c-2c49-40d4c4d3b21d">
      <Execution id="7b33d84c-7ce9-412f-8662-071981e7ab76" />
      <TestMethod codeBase="C:\Users\Hamzah\Downloads\The_Final_Project\Program1.0\111333\SS\SS\The_Code\GPP\Graduation-Projecs-Portal\SuperSee.Tests\bin\Debug\net8.0\SuperSee.Tests.dll" adapterTypeName="executor://xunit/VsTestRunner3/netcore/" className="SuperSee.Tests.ExtraTests" name="Project_Status_Change" />
    </UnitTest>
    <UnitTest name="SuperSee.Tests.TaskOrderingTests.Milestone_HasOrderField" storage="c:\users\hamzah\downloads\the_final_project\program1.0\111333\ss\ss\the_code\gpp\graduation-projecs-portal\supersee.tests\bin\debug\net8.0\supersee.tests.dll" id="6cddb377-1331-e007-6cd1-61adfb12bb21">
      <Execution id="2820a28d-6815-491e-a986-c87b99b8f48d" />
      <TestMethod codeBase="C:\Users\Hamzah\Downloads\The_Final_Project\Program1.0\111333\SS\SS\The_Code\GPP\Graduation-Projecs-Portal\SuperSee.Tests\bin\Debug\net8.0\SuperSee.Tests.dll" adapterTypeName="executor://xunit/VsTestRunner3/netcore/" className="SuperSee.Tests.TaskOrderingTests" name="Milestone_HasOrderField" />
    </UnitTest>
    <UnitTest name="SuperSee.Tests.SupervisorServiceTests.AddCommentToFileSubmission_Valid_AddsComment" storage="c:\users\hamzah\downloads\the_final_project\program1.0\111333\ss\ss\the_code\gpp\graduation-projecs-portal\supersee.tests\bin\debug\net8.0\supersee.tests.dll" id="67ff3acc-0828-2ff4-bc59-219d48881a16">
      <Execution id="9ec56b6f-7876-40a4-8460-8ffed5bde57e" />
      <TestMethod codeBase="C:\Users\Hamzah\Downloads\The_Final_Project\Program1.0\111333\SS\SS\The_Code\GPP\Graduation-Projecs-Portal\SuperSee.Tests\bin\Debug\net8.0\SuperSee.Tests.dll" adapterTypeName="executor://xunit/VsTestRunner3/netcore/" className="SuperSee.Tests.SupervisorServiceTests" name="AddCommentToFileSubmission_Valid_AddsComment" />
    </UnitTest>
    <UnitTest name="SuperSee.Tests.SupervisorServiceTests.AcceptAssignment_ValidRequest_UpdatesStatus" storage="c:\users\hamzah\downloads\the_final_project\program1.0\111333\ss\ss\the_code\gpp\graduation-projecs-portal\supersee.tests\bin\debug\net8.0\supersee.tests.dll" id="8c08fdc4-7b8d-8236-cfc9-8d46186e2fe7">
      <Execution id="88c86fd0-2f26-4d6c-899a-d5cdd5090512" />
      <TestMethod codeBase="C:\Users\Hamzah\Downloads\The_Final_Project\Program1.0\111333\SS\SS\The_Code\GPP\Graduation-Projecs-Portal\SuperSee.Tests\bin\Debug\net8.0\SuperSee.Tests.dll" adapterTypeName="executor://xunit/VsTestRunner3/netcore/" className="SuperSee.Tests.SupervisorServiceTests" name="AcceptAssignment_ValidRequest_UpdatesStatus" />
    </UnitTest>
[...]
    </UnitTest>
    <UnitTest name="SuperSee.Tests.ExtraTests.Project_Team_Relationship" storage="c:\users\hamzah\downloads\the_final_project\program1.0\111333\ss\ss\the_code\gpp\graduation-projecs-portal\supersee.tests\bin\debug\net8.0\supersee.tests.dll" id="6a157c3a-87b1-a23f-12ad-c27cc04395a5">
      <Execution id="10988169-72b9-4102-a394-2228b26969de" />
      <TestMethod codeBase="C:\Users\Hamzah\Downloads\The_Final_Project\Program1.0\111333\SS\SS\The_Code\GPP\Graduation-Projecs-Portal\SuperSee.Tests\bin\Debug\net8.0\SuperSee.Tests.dll" adapterTypeName="executor://xunit/VsTestRunner3/netcore/" className="SuperSee.Tests.ExtraTests" name="Project_Team_Relationship" />
    </UnitTest>
    <UnitTest name="SuperSee.Tests.IntegrationTests.TeamAndProject_CascadeDelete_Works" storage="c:\users\hamzah\downloads\the_final_project\program1.0\111333\ss\ss\the_code\gpp\graduation-projecs-portal\supersee.tests\bin\debug\net8.0\supersee.tests.dll" id="78dc8a3c-866f-e7ce-d1e4-130056fb0f2d">
      <Execution id="f1f8abf3-c91d-43b3-ac6c-580634eda33a" />
      <TestMethod codeBase="C:\Users\Hamzah\Downloads\The_Final_Project\Program1.0\111333\SS\SS\The_Code\GPP\Graduation-Projecs-Portal\SuperSee.Tests\bin\Debug\net8.0\SuperSee.Tests.dll" adapterTypeName="executor://xunit/VsTestRunner3/netcore/" className="SuperSee.Tests.IntegrationTests" name="TeamAndProject_CascadeDelete_Works" />
    </UnitTest>
    <UnitTest name="SuperSee.Tests.ExtraTests.TeamInvitation_Status_Changes" storage="c:\users\hamzah\downloads\the_final_project\program1.0\111333\ss\ss\the_code\gpp\graduation-projecs-portal\supersee.tests\bin\debug\net8.0\supersee.tests.dll" id="995dd7f8-d590-3315-8d1e-cf1a9f0ad7e3">
      <Execution id="b805dfe9-16fa-4d04-b3f4-7806d7c941a9" />
      <TestMethod codeBase="C:\Users\Hamzah\Downloads\The_Final_Project\Program1.0\111333\SS\SS\The_Code\GPP\Graduation-Projecs-Portal\SuperSee.Tests\bin\Debug\net8.0\SuperSee.Tests.dll" adapterTypeName="executor://xunit/VsTestRunner3/netcore/" className="SuperSee.Tests.ExtraTests" name="TeamInvitation_Status_Changes" />
    </UnitTest>
  </TestDefinitions>
  <TestEntries>
    <TestEntry testId="62610659-34f9-5470-5c99-674336351a35" executionId="a7b4d61f-900c-4620-bbef-0655ce21a3b5" testListId="8c84fa94-04c1-424b-9868-57a2d4851a1d" />
    <TestEntry testId="26304a9d-0218-bd5f-6d64-d56d39062c99" executionId="4746366b-7c8f-4997-ba36-7fe79a79dd58" testListId="8c84fa94-04c1-424b-9868-57a2d4851a1d" />
    <TestEntry testId="eec0f98e-9a64-2f0c-44a5-9733ec8d4745" executionId="e71ecdf9-bfd4-45fc-9d0d-3099d7800fd4" testListId="8c84fa94-04c1-424b-9868-57a2d4851a1d" />
    <TestEntry testId="4f5de6ee-619c-a12d-3efa-8acc53dfef18" executionId="112ba057-1df3-4877-8801-66dcdadea972" testListId="8c84fa94-04c1-424b-9868-57a2d4851a1d" />
    <TestEntry testId="fe3c0ada-457d-eab1-8203-ba1b4d8e3a71" executionId="48112a65-4e31-47d6-a1b1-c182a287aa4b" testListId="8c84fa94-04c1-424b-9868-57a2d4851a1d" />
    <TestEntry testId="6a157c3a-87b1-a23f-12ad-c27cc04395a5" executionId="10988169-72b9-4102-a394-2228b26969de" testListId="8c84fa94-04c1-424b-9868-57a2d4851a1d" />
    <TestEntry testId="b35333c3-5cfd-b918-c212-6ba5234ea42b" executionId="f152a5e4-8081-44c6-9e53-b3c2377d50d9" testListId="8c84fa94-04c1-424b-9868-57a2d4851a1d" />
    <TestEntry testId="35f43a9e-c483-bc51-f366-8a3b34c91bff" executionId="c86d8172-c00a-4def-a590-6cab0a6b8ba9" testListId="8c84fa94-04c1-424b-9868-57a2d4851a1d" />
    <TestEntry testId="6005e41b-d26a-ce3d-148f-d12f5f19f442" executionId="9a52a2e2-baee-4724-b162-74a0d439e778" testListId="8c84fa94-04c1-424b-9868-57a2d4851a1d" />
    <TestEntry testId="4104b166-788a-9b95-8f56-8677bfe95aaf" executionId="e6e07168-c632-402d-9fb1-5e848332f300" testListId="8c84fa94-04c1-424b-9868-57a2d4851a1d" />
    <TestEntry testId="68ac8a71-2db5-6d6c-05bd-7440ba32048c" executionId="6e615ea3-3256-4690-9032-e2936fbc9c68" testListId="8c84fa94-04c1-424b-9868-57a2d4851a1d" />
    <TestEntry testId="9c4f9d34-74a1-109f-0414-4562ba4947fd" executionId="986dd706-bd6a-47fa-a48b-4d3b5d8ab9b1" testListId="8c84fa94-04c1-424b-9868-57a2d4851a1d" />
    <TestEntry testId="d4b93c4e-467b-9bf3-b7c2-a85cc4dc4371" executionId="358be01e-6ce8-4a44-975c-422949b96578" testListId="8c84fa94-04c1-424b-9868-57a2d4851a1d" />
    <TestEntry testId="67ff3acc-0828-2ff4-bc59-219d48881a16" executionId="9ec56b6f-7876-40a4-8460-8ffed5bde57e" testListId="8c84fa94-04c1-424b-9868-57a2d4851a1d" />
    <TestEntry testId="78dc8a3c-866f-e7ce-d1e4-130056fb0f2d" executionId="f1f8abf3-c91d-43b3-ac6c-580634eda33a" testListId="8c84fa94-04c1-424b-9868-57a2d4851a1d" />
    <TestEntry testId="bad7b50f-b66e-ed15-1d4a-9095d3a062d5" executionId="6e571dcc-3dc6-42b0-9c3a-dccbcaa0bf3b" testListId="8c84fa94-04c1-424b-9868-57a2d4851a1d" />
    <TestEntry testId="842fb515-51b4-11b1-7a0f-2f300447053d" executionId="9482b6f4-10cf-4b09-863c-bd063c25961f" testListId="8c84fa94-04c1-424b-9868-57a2d4851a1d" />
    <TestEntry testId="e67843f9-c4ca-6300-566a-0c5204c6fee9" executionId="4abc30aa-9d31-4bdf-a906-f6abe34daaeb" testListId="8c84fa94-04c1-424b-9868-57a2d4851a1d" />
    <TestEntry testId="d2d420c2-f09e-aad3-6785-768634c65b21" executionId="ccf991c2-0912-45c1-817a-94f2d192095f" testListId="8c84fa94-04c1-424b-9868-57a2d4851a1d" />
    <TestEntry testId="208f7fd2-941e-765e-e980-955bb49955e5" executionId="ecfacfb4-5c7f-457d-88f2-d6dbef33b07c" testListId="8c84fa94-04c1-424b-9868-57a2d4851a1d" />
    <TestEntry testId="3808002d-d394-80fd-d511-49512787ae16" executionId="319f83d5-d87d-4345-bed7-73c37c5860a2" testListId="8c84fa94-04c1-424b-9868-57a2d4851a1d" />
    <TestEntry testId="192b8982-8764-6712-533d-38de5e09b648" executionId="940cd467-8982-4b11-8a37-cc28c0d0c203" testListId="8c84fa94-04c1-424b-9868-57a2d4851a1d" />
    <TestEntry testId="c52ae667-99ca-8a37-8079-5b386f0fe346" executionId="24f667e2-c5ed-4ea6-af45-e820a67cf9d9" testListId="8c84fa94-04c1-424b-9868-57a2d4851a1d" />
    <TestEntry testId="0ad8957f-ded9-fc21-6b9e-b4a0642f2362" executionId="90d1463c-596e-4c82-9d30-768a741f8e95" testListId="8c84fa94-04c1-424b-9868-57a2d4851a1d" />
    <TestEntry testId="abf5a3e7-5097-52ed-be70-920c4032c6b3" executionId="996f3f19-a902-4bf0-8d68-af5bb40c9ebf" testListId="8c84fa94-04c1-424b-9868-57a2d4851a1d" />
    <TestEntry testId="995dd7f8-d590-3315-8d1e-cf1a9f0ad7e3" executionId="b805dfe9-16fa-4d04-b3f4-7806d7c941a9" testListId="8c84fa94-04c1-424b-9868-57a2d4851a1d" />
    <TestEntry testId="164a734e-68cc-f38f-4ac9-1f13a4f97f21" executionId="cbf6f223-cd74-480b-9e99-e791ed83b9a3" testListId="8c84fa94-04c1-424b-9868-57a2d4851a1d" />
    <TestEntry testId="628157ec-dd9e-c82c-4c8c-7db1135d3805" executionId="abf9c2a2-f7b9-4299-afe8-e52eadc7a4ec" testListId="8c84fa94-04c1-424b-9868-57a2d4851a1d" />
    <TestEntry testId="e0a09e4d-b7c6-79ec-ee82-865d69e32083" executionId="2f4833dc-9dfd-4512-8595-67375a3ca2d1" testListId="8c84fa94-04c1-424b-9868-57a2d4851a1d" />
    <TestEntry testId="9bd9765b-c9c6-ea7c-f2f9-09f4c6bbcc88" executionId="d1e4b47b-5c8c-426c-8b97-317d58ca7d10" testListId="8c84fa94-04c1-424b-9868-57a2d4851a1d" />
    <TestEntry testId="d66ca4f7-f6a9-b243-70e2-cabf33c004e2" executionId="10b394bd-4c89-4467-97c4-0c40c7aaf6a2" testListId="8c84fa94-04c1-424b-9868-57a2d4851a1d" />
    <TestEntry testId="4f9828fc-f366-ea45-ae4a-f9a9452548a8" executionId="2ea7aa93-ffad-4e30-91c8-4bfd4012f2a1" testListId="8c84fa94-04c1-424b-9868-57a2d4851a1d" />
    <TestEntry testId="fe7b703c-0a18-2c64-b432-f8694b41c9d4" executionId="0319f3d2-7c3e-46fd-956e-9836327addf1" testListId="8c84fa94-04c1-424b-9868-57a2d4851a1d" />
    <TestEntry testId="7ae9e062-f958-0c5e-d147-58803e77b87e" executionId="359feb29-2a78-40dd-aedc-4a9f892ca59d" testListId="8c84fa94-04c1-424b-9868-57a2d4851a1d" />
    <TestEntry testId="a082fc7a-d5be-4c96-9f91-16588af250fe" executionId="83d7a4a6-070d-4dce-bc72-bbc7d289bc26" testListId="8c84fa94-04c1-424b-9868-57a2d4851a1d" />
    <TestEntry testId="7e1854b3-cac7-915c-13d7-d626299ec244" executionId="2f488e0b-326a-450a-926c-638f4e32b56e" testListId="8c84fa94-04c1-424b-9868-57a2d4851a1d" />
    <TestEntry testId="d284b23e-aaaa-8b9c-2c49-40d4c4d3b21d" executionId="7b33d84c-7ce9-412f-8662-071981e7ab76" testListId="8c84fa94-04c1-424b-9868-57a2d4851a1d" />
    <TestEntry testId="4a815750-e078-2246-4255-dc459844db9f" executionId="05e5c6d7-2b25-489a-95f4-c298b2127f7e" testListId="8c84fa94-04c1-424b-9868-57a2d4851a1d" />
    <TestEntry testId="b38ba59b-841f-6fe2-817f-dfda9a5b3452" executionId="57daed2f-2799-4c1d-9c3e-6888eaf7a17a" testListId="8c84fa94-04c1-424b-9868-57a2d4851a1d" />
    <TestEntry testId="4c2b80c9-43c1-6c38-f54b-c0f8db584ebb" executionId="21fb1105-19ae-4cb3-a259-4e71054e6bf7" testListId="8c84fa94-04c1-424b-9868-57a2d4851a1d" />
    <TestEntry testId="33f5b28f-523d-eb9d-3174-b87c0006b9b4" executionId="5e55f0f9-3bc4-467a-a052-058a9077976f" testListId="8c84fa94-04c1-424b-9868-57a2d4851a1d" />
    <TestEntry testId="35a35be6-a6fc-d7e6-a694-d31c83d26994" executionId="c18239c0-8810-4c9d-bf4a-6c0233ab2c35" testListId="8c84fa94-04c1-424b-9868-57a2d4851a1d" />
    <TestEntry testId="07cc2010-6ba2-0c0d-627d-8603bf8166d4" executionId="18353b2e-8042-476b-ab60-60616a54e0a6" testListId="8c84fa94-04c1-424b-9868-57a2d4851a1d" />
    <TestEntry testId="9a9af7ce-2cfe-ae04-60f0-57c68045918e" executionId="45f23801-c29a-4798-b766-d599a2b36144" testListId="8c84fa94-04c1-424b-9868-57a2d4851a1d" />
    <TestEntry testId="9d91d651-14f4-f2b9-98da-cb93a9e77e94" executionId="d6e4d7b1-1eb8-40ec-bb17-7e9645e99cc1" testListId="8c84fa94-04c1-424b-9868-57a2d4851a1d" />
    <TestEntry testId="7f965994-54ca-05c7-4bdc-143290378c6f" executionId="bc6a07b7-cf2e-4b6b-8f17-938d590eae6d" testListId="8c84fa94-04c1-424b-9868-57a2d4851a1d" />
    <TestEntry testId="ab5996d6-d3bc-1fca-7278-ee68e9315003" executionId="2e16e845-9871-4dff-a4b0-2ef55729e98e" testListId="8c84fa94-04c1-424b-9868-57a2d4851a1d" />
    <TestEntry testId="7eb78794-5268-6b54-ce64-9619e852b266" executionId="ac6d03ba-2e5c-47f7-8e33-c6cf752c67ab" testListId="8c84fa94-04c1-424b-9868-57a2d4851a1d" />
    <TestEntry testId="5bf9d00f-3b19-cb04-63c1-d268893e1c72" executionId="35cc8ae5-6838-4773-b9b3-6bcff6f0195d" testListId="8c84fa94-04c1-424b-9868-57a2d4851a1d" />
    <TestEntry testId="f3c52920-40f2-1ee4-c7a5-01ed5050ca8e" executionId="63aa5f85-eba6-481b-a5ba-c3e94da9f400" testListId="8c84fa94-04c1-424b-9868-57a2d4851a1d" />
    <TestEntry testId="f7447633-066e-c27a-9cb3-4ec0ff72a4cd" executionId="4b33a980-6d84-40c3-a452-f4ce25f409ba" testListId="8c84fa94-04c1-424b-9868-57a2d4851a1d" />
    <TestEntry testId="c1c2c356-f824-0df5-8103-5d033533270f" executionId="62d98d1c-f04b-4888-a60e-a33feb9fd980" testListId="8c84fa94-04c1-424b-9868-57a2d4851a1d" />
    <TestEntry testId="f537f50c-7476-4ac3-6b28-00b2464f7037" executionId="16769ea7-4552-46ba-8404-44a7a692af36" testListId="8c84fa94-04c1-424b-9868-57a2d4851a1d" />
    <TestEntry testId="c422e55a-b3a0-7f19-6c02-531b4b0edd69" executionId="42873ddd-32f6-4912-ae97-e43c62c0fc04" testListId="8c84fa94-04c1-424b-9868-57a2d4851a1d" />
    <TestEntry testId="d3c1bf15-4fcc-0b9f-8b2a-626c5dcc759e" executionId="692f6445-3429-48cd-9c8a-507f4c230b56" testListId="8c84fa94-04c1-424b-9868-57a2d4851a1d" />
    <TestEntry testId="f11c650c-752e-f82d-cce9-d59d71bfa370" executionId="350d3c5d-a36b-40fb-8568-fcc98d531681" testListId="8c84fa94-04c1-424b-9868-57a2d4851a1d" />
    <TestEntry testId="861bd919-02b7-57e5-2e8b-2f04ed220559" executionId="a3e146d8-616c-4b4a-975a-46df7aded62e" testListId="8c84fa94-04c1-424b-9868-57a2d4851a1d" />
    <TestEntry testId="4c3b3f45-f385-5faf-dc5d-7367ab5e72bd" executionId="f0e4aa07-21ca-4159-aece-e0529b501668" testListId="8c84fa94-04c1-424b-9868-57a2d4851a1d" />
    <TestEntry testId="2b8f3349-5a38-2a54-a539-f100861cffce" executionId="b2b04122-2254-49a9-ae0b-ba5a880325a3" testListId="8c84fa94-04c1-424b-9868-57a2d4851a1d" />
    <TestEntry testId="23acfb2a-9be9-b272-4d74-7d50b1437113" executionId="de7b0619-57e2-4581-a28f-60e7a7d85f39" testListId="8c84fa94-04c1-424b-9868-57a2d4851a1d" />
    <TestEntry testId="2be3d88b-2c1e-fa72-5e52-1d705e8c4318" executionId="a6af102b-bb7f-4aed-a8bc-a72ed8c0a2c2" testListId="8c84fa94-04c1-424b-9868-57a2d4851a1d" />
    <TestEntry testId="b2d65c64-f0ea-c6e1-4947-5e8e46cb186f" executionId="4b04fc5b-1e6b-4d28-929e-42e4326662de" testListId="8c84fa94-04c1-424b-9868-57a2d4851a1d" />
    <TestEntry testId="03651119-18f9-00d6-63eb-1d649e90aae6" executionId="69ccce8a-bde5-460f-9c90-d7ea0ea4be52" testListId="8c84fa94-04c1-424b-9868-57a2d4851a1d" />
    <TestEntry testId="a65e86a9-ad19-f530-6b79-7abc64cef985" executionId="a08878e2-6444-41fb-a83b-6704f98ab841" testListId="8c84fa94-04c1-424b-9868-57a2d4851a1d" />
    <TestEntry testId="48ca4a2b-f344-444d-06e7-bccd50a1eac6" executionId="18203d4d-ce5d-4ab7-8b84-4c313aab56cb" testListId="8c84fa94-04c1-424b-9868-57a2d4851a1d" />
    <TestEntry testId="07d10110-b5cb-cf42-1f82-57959b684622" executionId="32000c54-d517-44d3-abd0-b657fbe80b0a" testListId="8c84fa94-04c1-424b-9868-57a2d4851a1d" />
    <TestEntry testId="18edd936-7098-26a7-ce46-be8c6274dd48" executionId="392047a7-8f48-494a-833e-cb47a6bc5530" testListId="8c84fa94-04c1-424b-9868-57a2d4851a1d" />
    <TestEntry testId="082c06bc-6f71-1432-3385-9bef547b76e7" executionId="c9e8ac5a-6b6f-433d-9d6c-21d769f88201" testListId="8c84fa94-04c1-424b-9868-57a2d4851a1d" />
    <TestEntry testId="5e87e34a-9c42-9669-2fc7-eaa4acdff527" executionId="77c3100a-9307-491f-8761-01c026ca7599" testListId="8c84fa94-04c1-424b-9868-57a2d4851a1d" />
    <TestEntry testId="8c08fdc4-7b8d-8236-cfc9-8d46186e2fe7" executionId="88c86fd0-2f26-4d6c-899a-d5cdd5090512" testListId="8c84fa94-04c1-424b-9868-57a2d4851a1d" />
    <TestEntry testId="81938566-ecad-8533-3cd6-64c30fe8d3f7" executionId="c9f8d9ea-de9b-4645-aca5-66d4bbfb4110" testListId="8c84fa94-04c1-424b-9868-57a2d4851a1d" />
    <TestEntry testId="200e0890-26eb-24bc-c609-690c85489958" executionId="10a2df94-afdd-4b2c-b3b2-a838076f9a50" testListId="8c84fa94-04c1-424b-9868-57a2d4851a1d" />
    <TestEntry testId="ac9cdbc3-2dc8-d7ac-e902-17c445180734" executionId="931b4918-37b6-44a1-bd60-048e100f5bb2" testListId="8c84fa94-04c1-424b-9868-57a2d4851a1d" />
    <TestEntry testId="4a2e6387-7267-5e9c-4d13-6065acae84cf" executionId="950c010a-c7ba-4423-939a-c0132d8d2f4f" testListId="8c84fa94-04c1-424b-9868-57a2d4851a1d" />
    <TestEntry testId="827367c5-7a0b-bdf8-0d1d-2d2da25ae85d" executionId="1a737e14-89bf-48c7-b163-5b7522bbbc74" testListId="8c84fa94-04c1-424b-9868-57a2d4851a1d" />
    <TestEntry testId="4ab202e6-81a8-b0d0-566d-21ea39c4e5c8" executionId="fdd2c0e1-6980-4109-9eb2-768d1acc63ed" testListId="8c84fa94-04c1-424b-9868-57a2d4851a1d" />
    <TestEntry testId="3831d92d-e16d-9fa8-f7d5-a51fb594de41" executionId="96f2469c-9864-46bd-8646-8f3750b13921" testListId="8c84fa94-04c1-424b-9868-57a2d4851a1d" />
    <TestEntry testId="fd2704d4-49a8-1c2e-10e0-f6236cba7e87" executionId="57fc0cc8-40ca-4647-b9e0-6673a39e370c" testListId="8c84fa94-04c1-424b-9868-57a2d4851a1d" />
    <TestEntry testId="9f5f31e4-4e76-9758-ae06-e2f543d65f9f" executionId="6cfa79cb-c84c-42f1-8bfe-3ab869cdc935" testListId="8c84fa94-04c1-424b-9868-57a2d4851a1d" />
    <TestEntry testId="e5341b9a-92cd-5ccf-cb99-379da67d35ca" executionId="e3257083-5110-4a6b-8c48-6868dfe74d86" testListId="8c84fa94-04c1-424b-9868-57a2d4851a1d" />
    <TestEntry testId="ac7987ea-4d97-50e3-348d-f8993623af70" executionId="c254b59b-6d52-443e-954f-a16e0b162581" testListId="8c84fa94-04c1-424b-9868-57a2d4851a1d" />
    <TestEntry testId="94bb70c5-1798-5075-2207-44da4e4e9459" executionId="a1f28b70-85bb-4549-8557-2d99c0b9f475" testListId="8c84fa94-04c1-424b-9868-57a2d4851a1d" />
    <TestEntry testId="e27490d7-0db1-2d70-caf2-eff599b74c5d" executionId="8be8d076-a740-4d9e-a6f4-37882d54f4e1" testListId="8c84fa94-04c1-424b-9868-57a2d4851a1d" />
    <TestEntry testId="7fdc5beb-7e27-1269-eab1-1f3dfbd9267a" executionId="d37554f3-780a-4e9f-8fe8-04c68ff76b1e" testListId="8c84fa94-04c1-424b-9868-57a2d4851a1d" />
    <TestEntry testId="0fb1b045-c78c-14c5-b6fa-d3e08bc0884d" executionId="175d062f-63d0-4b78-9061-f2fbecd87cba" testListId="8c84fa94-04c1-424b-9868-57a2d4851a1d" />
    <TestEntry testId="f3dc7073-6d0f-47e2-fb81-ab392fe72bda" executionId="60096add-020f-4080-b7eb-57a00f655c4b" testListId="8c84fa94-04c1-424b-9868-57a2d4851a1d" />
    <TestEntry testId="0d203b69-73cd-592f-a472-0a43be00083d" executionId="03e89f73-b10b-4c76-b847-76ed1bf27e62" testListId="8c84fa94-04c1-424b-9868-57a2d4851a1d" />
    <TestEntry testId="0316336d-632f-0352-d0bd-6fa3a0a25c90" executionId="c4e044d3-b702-484e-9585-5ff5972cab23" testListId="8c84fa94-04c1-424b-9868-57a2d4851a1d" />
    <TestEntry testId="51be60bf-6bb2-2d34-3be2-3ae96491267d" executionId="d56e752e-8eda-49ed-ad90-1ec573d28bb3" testListId="8c84fa94-04c1-424b-9868-57a2d4851a1d" />
    <TestEntry testId="3777715e-0a5f-735e-5b09-fa834f9ae5be" executionId="be48cc6d-5159-46cb-8f5d-981c90054365" testListId="8c84fa94-04c1-424b-9868-57a2d4851a1d" />
    <TestEntry testId="bdcb62ec-44ad-f4ac-6546-0f4b0c491300" executionId="829be515-5d87-4490-9818-4bad784575dc" testListId="8c84fa94-04c1-424b-9868-57a2d4851a1d" />
    <TestEntry testId="083f3d12-0486-f94c-cdf9-f0023797a2a7" executionId="dcf3bff4-ad63-4726-bd60-1e215e21c26d" testListId="8c84fa94-04c1-424b-9868-57a2d4851a1d" />
    <TestEntry testId="48cc5b90-cc06-d9f0-d18a-e502545ac2b3" executionId="dc0fc900-0d60-498a-a40b-482ba81f53c9" testListId="8c84fa94-04c1-424b-9868-57a2d4851a1d" />
    <TestEntry testId="6cddb377-1331-e007-6cd1-61adfb12bb21" executionId="2820a28d-6815-491e-a986-c87b99b8f48d" testListId="8c84fa94-04c1-424b-9868-57a2d4851a1d" />
    <TestEntry testId="09b8b349-e06e-6d2b-ac3b-52b5037873a8" executionId="0e91892b-157f-4cdb-8cfd-63c47cd4172d" testListId="8c84fa94-04c1-424b-9868-57a2d4851a1d" />
    <TestEntry testId="320e430d-5bc6-f92d-9e4f-ec6d0c690bbe" executionId="6fd42aa3-8ea7-4f4b-a1ef-abc686f795d2" testListId="8c84fa94-04c1-424b-9868-57a2d4851a1d" />
    <TestEntry testId="227de8a2-54d0-74f4-9638-578d50b86dd6" executionId="b98f1a55-56b0-499d-9758-34137a42bc88" testListId="8c84fa94-04c1-424b-9868-57a2d4851a1d" />
    <TestEntry testId="b0f3801b-8d87-b744-4507-894800aab9b3" executionId="6cde09ac-84d4-4d6f-a9c0-d54e7b01ff91" testListId="8c84fa94-04c1-424b-9868-57a2d4851a1d" />
    <TestEntry testId="596f66f8-a338-f5e0-766d-a1921aaaa9b5" executionId="89b025d5-4f6b-4a5b-8f1f-a24992ebe09f" testListId="8c84fa94-04c1-424b-9868-57a2d4851a1d" />
    <TestEntry testId="836a478f-c663-86a4-6dff-4396dc188ad7" executionId="b7b1b0c5-ba04-41a8-9351-89f94b33a2d6" testListId="8c84fa94-04c1-424b-9868-57a2d4851a1d" />
  </TestEntries>
  <TestLists>
    <TestList name="Results Not in a List" id="8c84fa94-04c1-424b-9868-57a2d4851a1d" />
    <TestList name="All Loaded Results" id="19431567-8539-422a-85d7-44ee4e166bda" />
  </TestLists>
  <ResultSummary outcome="Completed">
    <Counters total="100" executed="100" passed="100" failed="0" error="0" timeout="0" aborted="0" inconclusive="0" passedButRunAborted="0" notRunnable="0" notExecuted="0" disconnected="0" warning="0" completed="0" inProgress="0" pending="0" />
    <Output>
      <StdOut>[xUnit.net 00:00:00.00] xUnit.net VSTest Adapter v3.1.4+50e68bbb8b (64-bit .NET 8.0.27)&#xD;
[xUnit.net 00:00:00.36]   Discovering: SuperSee.Tests&#xD;
[xUnit.net 00:00:00.46]   Discovered:  SuperSee.Tests&#xD;
[xUnit.net 00:00:00.53]   Starting:    SuperSee.Tests&#xD;
[xUnit.net 00:00:08.82]   Finished:    SuperSee.Tests&#xD;
</StdOut>
    </Output>
  </ResultSummary>
</TestRun>